2025-08-25 04:43:25,050 - INFO - [NEURAL] - Base de datos Neural Protocol inicializada
2025-08-25 04:44:51,929 - INFO - [NEURAL] - Base de datos Neural Protocol inicializada
2025-08-25 04:44:51,930 - INFO - [NEURAL] - Iniciando campaña de extracción: 2 targets
2025-08-25 04:44:51,930 - ERROR - [NEURAL] - Error creando navegador stealth: 'browser_automation'
2025-08-25 04:44:51,930 - ERROR - [NEURAL] - No hay navegadores disponibles
2025-08-25 04:44:51,937 - ERROR - [NEURAL] - Error creando navegador stealth: 'browser_automation'
2025-08-25 04:44:51,938 - ERROR - [NEURAL] - No hay navegadores disponibles
2025-08-25 04:44:51,942 - INFO - [NEURAL] - Campaña de extracción completada
2025-08-25 05:51:47,855 - INFO - [NEURAL] - Base de datos Neural Protocol inicializada
2025-08-25 05:51:47,867 - INFO - [NEURAL] - Base de datos Neural Protocol inicializada
2025-08-25 05:51:47,867 - INFO - [NEURAL] - Base de datos Neural Protocol inicializada
2025-08-25 05:51:47,874 - INFO - [NEURAL] - Base de datos Neural Protocol inicializada
2025-08-25 05:51:47,874 - INFO - [NEURAL] - Base de datos Neural Protocol inicializada
2025-08-25 05:51:47,874 - INFO - [NEURAL] - Base de datos Neural Protocol inicializada
2025-08-25 05:51:47,905 - INFO - [NEURAL] - Base de datos Neural Protocol inicializada
2025-08-25 05:51:47,905 - INFO - [NEURAL] - Base de datos Neural Protocol inicializada
2025-08-25 05:51:47,905 - INFO - [NEURAL] - Base de datos Neural Protocol inicializada
2025-08-25 05:51:47,905 - INFO - [NEURAL] - Base de datos Neural Protocol inicializada
2025-08-25 05:51:47,917 - INFO - [NEURAL] - Base de datos Neural Protocol inicializada
2025-08-25 05:51:47,917 - INFO - [NEURAL] - Base de datos Neural Protocol inicializada
2025-08-25 05:51:47,917 - INFO - [NEURAL] - Base de datos Neural Protocol inicializada
2025-08-25 05:51:47,917 - INFO - [NEURAL] - Base de datos Neural Protocol inicializada
2025-08-25 05:51:47,917 - INFO - [NEURAL] - Base de datos Neural Protocol inicializada
2025-08-25 05:51:47,926 - INFO - [NEURAL] - Base de datos Neural Protocol inicializada
2025-08-25 05:51:47,926 - INFO - [NEURAL] - Base de datos Neural Protocol inicializada
2025-08-25 05:51:47,926 - INFO - [NEURAL] - Base de datos Neural Protocol inicializada
2025-08-25 05:51:47,926 - INFO - [NEURAL] - Base de datos Neural Protocol inicializada
2025-08-25 05:51:47,926 - INFO - [NEURAL] - Base de datos Neural Protocol inicializada
2025-08-25 05:51:47,926 - INFO - [NEURAL] - Base de datos Neural Protocol inicializada
2025-08-25 05:51:47,938 - INFO - [NEURAL] - Base de datos Neural Protocol inicializada
2025-08-25 05:51:47,938 - INFO - [NEURAL] - Base de datos Neural Protocol inicializada
2025-08-25 05:51:47,938 - INFO - [NEURAL] - Base de datos Neural Protocol inicializada
2025-08-25 05:51:47,938 - INFO - [NEURAL] - Base de datos Neural Protocol inicializada
2025-08-25 05:51:47,938 - INFO - [NEURAL] - Base de datos Neural Protocol inicializada
2025-08-25 05:51:47,938 - INFO - [NEURAL] - Base de datos Neural Protocol inicializada
2025-08-25 05:51:47,938 - INFO - [NEURAL] - Base de datos Neural Protocol inicializada
2025-08-25 05:51:47,954 - INFO - [NEURAL] - Base de datos Neural Protocol inicializada
2025-08-25 05:51:47,954 - INFO - [NEURAL] - Base de datos Neural Protocol inicializada
2025-08-25 05:51:47,954 - INFO - [NEURAL] - Base de datos Neural Protocol inicializada
2025-08-25 05:51:47,954 - INFO - [NEURAL] - Base de datos Neural Protocol inicializada
2025-08-25 05:51:47,954 - INFO - [NEURAL] - Base de datos Neural Protocol inicializada
2025-08-25 05:51:47,954 - INFO - [NEURAL] - Base de datos Neural Protocol inicializada
2025-08-25 05:51:47,954 - INFO - [NEURAL] - Base de datos Neural Protocol inicializada
2025-08-25 05:51:47,954 - INFO - [NEURAL] - Base de datos Neural Protocol inicializada
2025-08-25 05:57:31,309 - INFO - [NEURAL] - Base de datos Neural Protocol inicializada
2025-08-25 05:57:31,310 - INFO - [NEURAL] - Iniciando campaña de extracción: 2 targets
2025-08-25 05:57:31,310 - ERROR - [NEURAL] - Error creando navegador stealth: Cannot choose from an empty sequence
2025-08-25 05:57:31,310 - ERROR - [NEURAL] - No hay navegadores disponibles
2025-08-25 05:57:31,317 - ERROR - [NEURAL] - Error creando navegador stealth: Cannot choose from an empty sequence
2025-08-25 05:57:31,318 - ERROR - [NEURAL] - No hay navegadores disponibles
2025-08-25 05:57:31,318 - INFO - [NEURAL] - Campaña de extracción completada
2025-08-25 05:59:34,974 - INFO - [NEURAL] - Base de datos Neural Protocol inicializada
2025-08-25 05:59:34,975 - INFO - [NEURAL] - Iniciando campaña de extracción: 2 targets
2025-08-25 05:59:34,975 - ERROR - [NEURAL] - Error creando navegador stealth: Cannot choose from an empty sequence
2025-08-25 05:59:34,975 - ERROR - [NEURAL] - No hay navegadores disponibles
2025-08-25 05:59:34,975 - ERROR - [NEURAL] - Error creando navegador stealth: Cannot choose from an empty sequence
2025-08-25 05:59:34,976 - ERROR - [NEURAL] - No hay navegadores disponibles
2025-08-25 05:59:34,976 - INFO - [NEURAL] - Campaña de extracción completada
2025-08-25 05:59:43,722 - INFO - [NEURAL] - Base de datos Neural Protocol inicializada
2025-08-25 05:59:43,727 - INFO - [NEURAL] - Base de datos Neural Protocol inicializada
2025-08-25 05:59:43,727 - INFO - [NEURAL] - Base de datos Neural Protocol inicializada
2025-08-25 05:59:43,731 - INFO - [NEURAL] - Base de datos Neural Protocol inicializada
2025-08-25 05:59:43,731 - INFO - [NEURAL] - Base de datos Neural Protocol inicializada
2025-08-25 05:59:43,731 - INFO - [NEURAL] - Base de datos Neural Protocol inicializada
2025-08-25 05:59:43,737 - INFO - [NEURAL] - Base de datos Neural Protocol inicializada
2025-08-25 05:59:43,737 - INFO - [NEURAL] - Base de datos Neural Protocol inicializada
2025-08-25 05:59:43,737 - INFO - [NEURAL] - Base de datos Neural Protocol inicializada
2025-08-25 05:59:43,737 - INFO - [NEURAL] - Base de datos Neural Protocol inicializada
2025-08-25 05:59:43,742 - INFO - [NEURAL] - Base de datos Neural Protocol inicializada
2025-08-25 05:59:43,742 - INFO - [NEURAL] - Base de datos Neural Protocol inicializada
2025-08-25 05:59:43,742 - INFO - [NEURAL] - Base de datos Neural Protocol inicializada
2025-08-25 05:59:43,742 - INFO - [NEURAL] - Base de datos Neural Protocol inicializada
2025-08-25 05:59:43,742 - INFO - [NEURAL] - Base de datos Neural Protocol inicializada
2025-08-25 05:59:43,747 - INFO - [NEURAL] - Base de datos Neural Protocol inicializada
2025-08-25 05:59:43,747 - INFO - [NEURAL] - Base de datos Neural Protocol inicializada
2025-08-25 05:59:43,747 - INFO - [NEURAL] - Base de datos Neural Protocol inicializada
2025-08-25 05:59:43,747 - INFO - [NEURAL] - Base de datos Neural Protocol inicializada
2025-08-25 05:59:43,747 - INFO - [NEURAL] - Base de datos Neural Protocol inicializada
2025-08-25 05:59:43,747 - INFO - [NEURAL] - Base de datos Neural Protocol inicializada
2025-08-25 05:59:43,752 - INFO - [NEURAL] - Base de datos Neural Protocol inicializada
2025-08-25 05:59:43,752 - INFO - [NEURAL] - Base de datos Neural Protocol inicializada
2025-08-25 05:59:43,752 - INFO - [NEURAL] - Base de datos Neural Protocol inicializada
2025-08-25 05:59:43,752 - INFO - [NEURAL] - Base de datos Neural Protocol inicializada
2025-08-25 05:59:43,752 - INFO - [NEURAL] - Base de datos Neural Protocol inicializada
2025-08-25 05:59:43,752 - INFO - [NEURAL] - Base de datos Neural Protocol inicializada
2025-08-25 05:59:43,752 - INFO - [NEURAL] - Base de datos Neural Protocol inicializada
2025-08-25 05:59:43,758 - INFO - [NEURAL] - Base de datos Neural Protocol inicializada
2025-08-25 05:59:43,758 - INFO - [NEURAL] - Base de datos Neural Protocol inicializada
2025-08-25 05:59:43,758 - INFO - [NEURAL] - Base de datos Neural Protocol inicializada
2025-08-25 05:59:43,758 - INFO - [NEURAL] - Base de datos Neural Protocol inicializada
2025-08-25 05:59:43,758 - INFO - [NEURAL] - Base de datos Neural Protocol inicializada
2025-08-25 05:59:43,758 - INFO - [NEURAL] - Base de datos Neural Protocol inicializada
2025-08-25 05:59:43,758 - INFO - [NEURAL] - Base de datos Neural Protocol inicializada
2025-08-25 05:59:43,758 - INFO - [NEURAL] - Base de datos Neural Protocol inicializada
2025-08-25 16:04:12,516 - INFO - Database initialized
2025-08-25 16:04:13,780 - INFO - Extracting LinkedIn profile: https://www.linkedin.com/in/example
2025-08-25 16:04:19,217 - INFO - Profile extracted: Únete a LinkedIn
2025-08-25 16:05:11,124 - INFO - Database initialized
2025-08-25 16:05:12,479 - INFO - Extracting LinkedIn profile: https://www.linkedin.com/in/example
2025-08-25 16:05:17,579 - INFO - Profile extracted: Únete a LinkedIn
2025-08-25 16:06:56,765 - INFO - Database initialized
2025-08-25 16:06:56,771 - INFO - Database initialized
2025-08-25 16:06:56,771 - INFO - Database initialized
2025-08-25 16:06:56,776 - INFO - Database initialized
2025-08-25 16:06:56,776 - INFO - Database initialized
2025-08-25 16:06:56,776 - INFO - Database initialized
2025-08-25 16:06:56,805 - INFO - Database initialized
2025-08-25 16:06:56,805 - INFO - Database initialized
2025-08-25 16:06:56,805 - INFO - Database initialized
2025-08-25 16:06:56,805 - INFO - Database initialized
2025-08-25 16:06:56,812 - INFO - Database initialized
2025-08-25 16:06:56,812 - INFO - Database initialized
2025-08-25 16:06:56,812 - INFO - Database initialized
2025-08-25 16:06:56,812 - INFO - Database initialized
2025-08-25 16:06:56,812 - INFO - Database initialized
2025-08-25 16:06:56,837 - INFO - Database initialized
2025-08-25 16:06:56,837 - INFO - Database initialized
2025-08-25 16:06:56,837 - INFO - Database initialized
2025-08-25 16:06:56,837 - INFO - Database initialized
2025-08-25 16:06:56,837 - INFO - Database initialized
2025-08-25 16:06:56,837 - INFO - Database initialized
2025-08-25 16:06:56,844 - INFO - Database initialized
2025-08-25 16:06:56,844 - INFO - Database initialized
2025-08-25 16:06:56,844 - INFO - Database initialized
2025-08-25 16:06:56,844 - INFO - Database initialized
2025-08-25 16:06:56,844 - INFO - Database initialized
2025-08-25 16:06:56,844 - INFO - Database initialized
2025-08-25 16:06:56,844 - INFO - Database initialized
2025-08-25 16:06:56,850 - INFO - Database initialized
2025-08-25 16:06:56,850 - INFO - Database initialized
2025-08-25 16:06:56,850 - INFO - Database initialized
2025-08-25 16:06:56,850 - INFO - Database initialized
2025-08-25 16:06:56,850 - INFO - Database initialized
2025-08-25 16:06:56,850 - INFO - Database initialized
2025-08-25 16:06:56,850 - INFO - Database initialized
2025-08-25 16:06:56,850 - INFO - Database initialized
2025-08-25 16:12:35,741 - INFO - Database initialized
2025-08-25 16:12:35,749 - INFO - Database initialized
2025-08-25 16:12:35,749 - INFO - Database initialized
2025-08-25 16:12:35,951 - INFO - Database initialized
2025-08-25 16:12:35,951 - INFO - Database initialized
2025-08-25 16:12:35,951 - INFO - Database initialized
2025-08-25 16:12:35,968 - INFO - Database initialized
2025-08-25 16:12:35,968 - INFO - Database initialized
2025-08-25 16:12:35,968 - INFO - Database initialized
2025-08-25 16:12:35,968 - INFO - Database initialized
2025-08-25 16:12:36,015 - INFO - Database initialized
2025-08-25 16:12:36,015 - INFO - Database initialized
2025-08-25 16:12:36,015 - INFO - Database initialized
2025-08-25 16:12:36,015 - INFO - Database initialized
2025-08-25 16:12:36,015 - INFO - Database initialized
2025-08-25 16:12:36,021 - INFO - Database initialized
2025-08-25 16:12:36,021 - INFO - Database initialized
2025-08-25 16:12:36,021 - INFO - Database initialized
2025-08-25 16:12:36,021 - INFO - Database initialized
2025-08-25 16:12:36,021 - INFO - Database initialized
2025-08-25 16:12:36,021 - INFO - Database initialized
2025-08-25 16:12:36,023 - INFO - Database initialized
2025-08-25 16:12:36,023 - INFO - Database initialized
2025-08-25 16:12:36,023 - INFO - Database initialized
2025-08-25 16:12:36,023 - INFO - Database initialized
2025-08-25 16:12:36,023 - INFO - Database initialized
2025-08-25 16:12:36,023 - INFO - Database initialized
2025-08-25 16:12:36,023 - INFO - Database initialized
2025-08-25 16:12:36,029 - INFO - Database initialized
2025-08-25 16:12:36,029 - INFO - Database initialized
2025-08-25 16:12:36,029 - INFO - Database initialized
2025-08-25 16:12:36,029 - INFO - Database initialized
2025-08-25 16:12:36,029 - INFO - Database initialized
2025-08-25 16:12:36,029 - INFO - Database initialized
2025-08-25 16:12:36,029 - INFO - Database initialized
2025-08-25 16:12:36,029 - INFO - Database initialized
2025-08-25 16:12:36,037 - INFO - Database initialized
2025-08-25 16:12:36,037 - INFO - Database initialized
2025-08-25 16:12:36,037 - INFO - Database initialized
2025-08-25 16:12:36,037 - INFO - Database initialized
2025-08-25 16:12:36,037 - INFO - Database initialized
2025-08-25 16:12:36,037 - INFO - Database initialized
2025-08-25 16:12:36,037 - INFO - Database initialized
2025-08-25 16:12:36,037 - INFO - Database initialized
2025-08-25 16:12:36,037 - INFO - Database initialized
2025-08-25 16:12:36,043 - INFO - Database initialized
2025-08-25 16:12:36,043 - INFO - Database initialized
2025-08-25 16:12:36,043 - INFO - Database initialized
2025-08-25 16:12:36,043 - INFO - Database initialized
2025-08-25 16:12:36,043 - INFO - Database initialized
2025-08-25 16:12:36,043 - INFO - Database initialized
2025-08-25 16:12:36,043 - INFO - Database initialized
2025-08-25 16:12:36,043 - INFO - Database initialized
2025-08-25 16:12:36,043 - INFO - Database initialized
2025-08-25 16:12:36,043 - INFO - Database initialized
2025-08-25 16:13:00,862 - INFO - Database initialized
2025-08-25 16:13:00,871 - INFO - Database initialized
2025-08-25 16:13:00,871 - INFO - Database initialized
2025-08-25 16:13:00,883 - INFO - Database initialized
2025-08-25 16:13:00,883 - INFO - Database initialized
2025-08-25 16:13:00,883 - INFO - Database initialized
2025-08-25 16:13:01,019 - INFO - Database initialized
2025-08-25 16:13:01,019 - INFO - Database initialized
2025-08-25 16:13:01,019 - INFO - Database initialized
2025-08-25 16:13:01,019 - INFO - Database initialized
2025-08-25 16:13:01,038 - INFO - Database initialized
2025-08-25 16:13:01,038 - INFO - Database initialized
2025-08-25 16:13:01,038 - INFO - Database initialized
2025-08-25 16:13:01,038 - INFO - Database initialized
2025-08-25 16:13:01,038 - INFO - Database initialized
2025-08-25 16:13:01,044 - INFO - Database initialized
2025-08-25 16:13:01,044 - INFO - Database initialized
2025-08-25 16:13:01,044 - INFO - Database initialized
2025-08-25 16:13:01,044 - INFO - Database initialized
2025-08-25 16:13:01,044 - INFO - Database initialized
2025-08-25 16:13:01,044 - INFO - Database initialized
2025-08-25 16:13:01,045 - INFO - Database initialized
2025-08-25 16:13:01,045 - INFO - Database initialized
2025-08-25 16:13:01,045 - INFO - Database initialized
2025-08-25 16:13:01,045 - INFO - Database initialized
2025-08-25 16:13:01,045 - INFO - Database initialized
2025-08-25 16:13:01,045 - INFO - Database initialized
2025-08-25 16:13:01,045 - INFO - Database initialized
2025-08-25 16:13:01,051 - INFO - Database initialized
2025-08-25 16:13:01,051 - INFO - Database initialized
2025-08-25 16:13:01,051 - INFO - Database initialized
2025-08-25 16:13:01,051 - INFO - Database initialized
2025-08-25 16:13:01,051 - INFO - Database initialized
2025-08-25 16:13:01,051 - INFO - Database initialized
2025-08-25 16:13:01,051 - INFO - Database initialized
2025-08-25 16:13:01,051 - INFO - Database initialized
2025-08-25 16:13:01,062 - INFO - Database initialized
2025-08-25 16:13:01,062 - INFO - Database initialized
2025-08-25 16:13:01,062 - INFO - Database initialized
2025-08-25 16:13:01,062 - INFO - Database initialized
2025-08-25 16:13:01,062 - INFO - Database initialized
2025-08-25 16:13:01,062 - INFO - Database initialized
2025-08-25 16:13:01,062 - INFO - Database initialized
2025-08-25 16:13:01,062 - INFO - Database initialized
2025-08-25 16:13:01,062 - INFO - Database initialized
2025-08-25 16:13:01,069 - INFO - Database initialized
2025-08-25 16:13:01,069 - INFO - Database initialized
2025-08-25 16:13:01,069 - INFO - Database initialized
2025-08-25 16:13:01,069 - INFO - Database initialized
2025-08-25 16:13:01,069 - INFO - Database initialized
2025-08-25 16:13:01,069 - INFO - Database initialized
2025-08-25 16:13:01,069 - INFO - Database initialized
2025-08-25 16:13:01,069 - INFO - Database initialized
2025-08-25 16:13:01,069 - INFO - Database initialized
2025-08-25 16:13:01,069 - INFO - Database initialized
2025-08-25 16:13:24,264 - INFO - Database initialized
2025-08-25 16:13:24,273 - INFO - Database initialized
2025-08-25 16:13:24,273 - INFO - Database initialized
2025-08-25 16:13:24,284 - INFO - Database initialized
2025-08-25 16:13:24,284 - INFO - Database initialized
2025-08-25 16:13:24,284 - INFO - Database initialized
2025-08-25 16:13:24,433 - INFO - Database initialized
2025-08-25 16:13:24,433 - INFO - Database initialized
2025-08-25 16:13:24,433 - INFO - Database initialized
2025-08-25 16:13:24,433 - INFO - Database initialized
2025-08-25 16:13:24,458 - INFO - Database initialized
2025-08-25 16:13:24,458 - INFO - Database initialized
2025-08-25 16:13:24,458 - INFO - Database initialized
2025-08-25 16:13:24,458 - INFO - Database initialized
2025-08-25 16:13:24,458 - INFO - Database initialized
2025-08-25 16:13:24,466 - INFO - Database initialized
2025-08-25 16:13:24,466 - INFO - Database initialized
2025-08-25 16:13:24,466 - INFO - Database initialized
2025-08-25 16:13:24,466 - INFO - Database initialized
2025-08-25 16:13:24,466 - INFO - Database initialized
2025-08-25 16:13:24,466 - INFO - Database initialized
2025-08-25 16:13:24,467 - INFO - Database initialized
2025-08-25 16:13:24,467 - INFO - Database initialized
2025-08-25 16:13:24,467 - INFO - Database initialized
2025-08-25 16:13:24,467 - INFO - Database initialized
2025-08-25 16:13:24,467 - INFO - Database initialized
2025-08-25 16:13:24,467 - INFO - Database initialized
2025-08-25 16:13:24,467 - INFO - Database initialized
2025-08-25 16:13:24,474 - INFO - Database initialized
2025-08-25 16:13:24,474 - INFO - Database initialized
2025-08-25 16:13:24,474 - INFO - Database initialized
2025-08-25 16:13:24,474 - INFO - Database initialized
2025-08-25 16:13:24,474 - INFO - Database initialized
2025-08-25 16:13:24,474 - INFO - Database initialized
2025-08-25 16:13:24,474 - INFO - Database initialized
2025-08-25 16:13:24,474 - INFO - Database initialized
2025-08-25 16:13:24,481 - INFO - Database initialized
2025-08-25 16:13:24,481 - INFO - Database initialized
2025-08-25 16:13:24,481 - INFO - Database initialized
2025-08-25 16:13:24,481 - INFO - Database initialized
2025-08-25 16:13:24,481 - INFO - Database initialized
2025-08-25 16:13:24,481 - INFO - Database initialized
2025-08-25 16:13:24,481 - INFO - Database initialized
2025-08-25 16:13:24,481 - INFO - Database initialized
2025-08-25 16:13:24,481 - INFO - Database initialized
2025-08-25 16:13:24,487 - INFO - Database initialized
2025-08-25 16:13:24,487 - INFO - Database initialized
2025-08-25 16:13:24,487 - INFO - Database initialized
2025-08-25 16:13:24,487 - INFO - Database initialized
2025-08-25 16:13:24,487 - INFO - Database initialized
2025-08-25 16:13:24,487 - INFO - Database initialized
2025-08-25 16:13:24,487 - INFO - Database initialized
2025-08-25 16:13:24,487 - INFO - Database initialized
2025-08-25 16:13:24,487 - INFO - Database initialized
2025-08-25 16:13:24,487 - INFO - Database initialized
2025-08-25 16:14:30,941 - INFO - Database initialized
2025-08-25 16:14:30,949 - INFO - Database initialized
2025-08-25 16:14:30,949 - INFO - Database initialized
2025-08-25 16:14:30,959 - INFO - Database initialized
2025-08-25 16:14:30,959 - INFO - Database initialized
2025-08-25 16:14:30,959 - INFO - Database initialized
2025-08-25 16:14:30,967 - INFO - Database initialized
2025-08-25 16:14:30,967 - INFO - Database initialized
2025-08-25 16:14:30,967 - INFO - Database initialized
2025-08-25 16:14:30,967 - INFO - Database initialized
2025-08-25 16:14:30,988 - INFO - Database initialized
2025-08-25 16:14:30,988 - INFO - Database initialized
2025-08-25 16:14:30,988 - INFO - Database initialized
2025-08-25 16:14:30,988 - INFO - Database initialized
2025-08-25 16:14:30,988 - INFO - Database initialized
2025-08-25 16:14:30,994 - INFO - Database initialized
2025-08-25 16:14:30,994 - INFO - Database initialized
2025-08-25 16:14:30,994 - INFO - Database initialized
2025-08-25 16:14:30,994 - INFO - Database initialized
2025-08-25 16:14:30,994 - INFO - Database initialized
2025-08-25 16:14:30,994 - INFO - Database initialized
2025-08-25 16:14:30,996 - INFO - Database initialized
2025-08-25 16:14:30,996 - INFO - Database initialized
2025-08-25 16:14:30,996 - INFO - Database initialized
2025-08-25 16:14:30,996 - INFO - Database initialized
2025-08-25 16:14:30,996 - INFO - Database initialized
2025-08-25 16:14:30,996 - INFO - Database initialized
2025-08-25 16:14:30,996 - INFO - Database initialized
2025-08-25 16:14:31,002 - INFO - Database initialized
2025-08-25 16:14:31,002 - INFO - Database initialized
2025-08-25 16:14:31,002 - INFO - Database initialized
2025-08-25 16:14:31,002 - INFO - Database initialized
2025-08-25 16:14:31,002 - INFO - Database initialized
2025-08-25 16:14:31,002 - INFO - Database initialized
2025-08-25 16:14:31,002 - INFO - Database initialized
2025-08-25 16:14:31,002 - INFO - Database initialized
2025-08-25 16:14:31,008 - INFO - Database initialized
2025-08-25 16:14:31,008 - INFO - Database initialized
2025-08-25 16:14:31,008 - INFO - Database initialized
2025-08-25 16:14:31,008 - INFO - Database initialized
2025-08-25 16:14:31,008 - INFO - Database initialized
2025-08-25 16:14:31,008 - INFO - Database initialized
2025-08-25 16:14:31,008 - INFO - Database initialized
2025-08-25 16:14:31,008 - INFO - Database initialized
2025-08-25 16:14:31,008 - INFO - Database initialized
2025-08-25 16:14:31,015 - INFO - Database initialized
2025-08-25 16:14:31,015 - INFO - Database initialized
2025-08-25 16:14:31,015 - INFO - Database initialized
2025-08-25 16:14:31,015 - INFO - Database initialized
2025-08-25 16:14:31,015 - INFO - Database initialized
2025-08-25 16:14:31,015 - INFO - Database initialized
2025-08-25 16:14:31,015 - INFO - Database initialized
2025-08-25 16:14:31,015 - INFO - Database initialized
2025-08-25 16:14:31,015 - INFO - Database initialized
2025-08-25 16:14:31,015 - INFO - Database initialized
2025-08-25 16:17:07,333 - INFO - Database initialized
2025-08-25 16:17:18,810 - INFO - Database initialized
2025-08-25 16:17:18,819 - INFO - Database initialized
2025-08-25 16:17:18,819 - INFO - Database initialized
2025-08-25 16:17:18,830 - INFO - Database initialized
2025-08-25 16:17:18,830 - INFO - Database initialized
2025-08-25 16:17:18,830 - INFO - Database initialized
2025-08-25 16:17:18,838 - INFO - Database initialized
2025-08-25 16:17:18,838 - INFO - Database initialized
2025-08-25 16:17:18,838 - INFO - Database initialized
2025-08-25 16:17:18,838 - INFO - Database initialized
2025-08-25 16:17:18,860 - INFO - Database initialized
2025-08-25 16:17:18,860 - INFO - Database initialized
2025-08-25 16:17:18,860 - INFO - Database initialized
2025-08-25 16:17:18,860 - INFO - Database initialized
2025-08-25 16:17:18,860 - INFO - Database initialized
2025-08-25 16:17:18,868 - INFO - Database initialized
2025-08-25 16:17:18,868 - INFO - Database initialized
2025-08-25 16:17:18,868 - INFO - Database initialized
2025-08-25 16:17:18,868 - INFO - Database initialized
2025-08-25 16:17:18,868 - INFO - Database initialized
2025-08-25 16:17:18,868 - INFO - Database initialized
2025-08-25 16:17:18,870 - INFO - Database initialized
2025-08-25 16:17:18,870 - INFO - Database initialized
2025-08-25 16:17:18,870 - INFO - Database initialized
2025-08-25 16:17:18,870 - INFO - Database initialized
2025-08-25 16:17:18,870 - INFO - Database initialized
2025-08-25 16:17:18,870 - INFO - Database initialized
2025-08-25 16:17:18,870 - INFO - Database initialized
2025-08-25 16:17:18,876 - INFO - Database initialized
2025-08-25 16:17:18,876 - INFO - Database initialized
2025-08-25 16:17:18,876 - INFO - Database initialized
2025-08-25 16:17:18,876 - INFO - Database initialized
2025-08-25 16:17:18,876 - INFO - Database initialized
2025-08-25 16:17:18,876 - INFO - Database initialized
2025-08-25 16:17:18,876 - INFO - Database initialized
2025-08-25 16:17:18,876 - INFO - Database initialized
2025-08-25 16:17:18,883 - INFO - Database initialized
2025-08-25 16:17:18,883 - INFO - Database initialized
2025-08-25 16:17:18,883 - INFO - Database initialized
2025-08-25 16:17:18,883 - INFO - Database initialized
2025-08-25 16:17:18,883 - INFO - Database initialized
2025-08-25 16:17:18,883 - INFO - Database initialized
2025-08-25 16:17:18,883 - INFO - Database initialized
2025-08-25 16:17:18,883 - INFO - Database initialized
2025-08-25 16:17:18,883 - INFO - Database initialized
2025-08-25 16:17:18,889 - INFO - Database initialized
2025-08-25 16:17:18,889 - INFO - Database initialized
2025-08-25 16:17:18,889 - INFO - Database initialized
2025-08-25 16:17:18,889 - INFO - Database initialized
2025-08-25 16:17:18,889 - INFO - Database initialized
2025-08-25 16:17:18,889 - INFO - Database initialized
2025-08-25 16:17:18,889 - INFO - Database initialized
2025-08-25 16:17:18,889 - INFO - Database initialized
2025-08-25 16:17:18,889 - INFO - Database initialized
2025-08-25 16:17:18,889 - INFO - Database initialized
2025-08-25 16:17:28,201 - INFO - Database initialized
2025-08-25 16:17:28,213 - INFO - Database initialized
2025-08-25 16:17:28,213 - INFO - Database initialized
2025-08-25 16:17:28,226 - INFO - Database initialized
2025-08-25 16:17:28,226 - INFO - Database initialized
2025-08-25 16:17:28,226 - INFO - Database initialized
2025-08-25 16:17:28,236 - INFO - Database initialized
2025-08-25 16:17:28,236 - INFO - Database initialized
2025-08-25 16:17:28,236 - INFO - Database initialized
2025-08-25 16:17:28,236 - INFO - Database initialized
2025-08-25 16:17:28,753 - INFO - Database initialized
2025-08-25 16:17:28,753 - INFO - Database initialized
2025-08-25 16:17:28,753 - INFO - Database initialized
2025-08-25 16:17:28,753 - INFO - Database initialized
2025-08-25 16:17:28,753 - INFO - Database initialized
2025-08-25 16:17:28,844 - INFO - Database initialized
2025-08-25 16:17:28,844 - INFO - Database initialized
2025-08-25 16:17:28,844 - INFO - Database initialized
2025-08-25 16:17:28,844 - INFO - Database initialized
2025-08-25 16:17:28,844 - INFO - Database initialized
2025-08-25 16:17:28,844 - INFO - Database initialized
2025-08-25 16:17:28,851 - INFO - Database initialized
2025-08-25 16:17:28,851 - INFO - Database initialized
2025-08-25 16:17:28,851 - INFO - Database initialized
2025-08-25 16:17:28,851 - INFO - Database initialized
2025-08-25 16:17:28,851 - INFO - Database initialized
2025-08-25 16:17:28,851 - INFO - Database initialized
2025-08-25 16:17:28,851 - INFO - Database initialized
2025-08-25 16:17:28,858 - INFO - Database initialized
2025-08-25 16:17:28,858 - INFO - Database initialized
2025-08-25 16:17:28,858 - INFO - Database initialized
2025-08-25 16:17:28,858 - INFO - Database initialized
2025-08-25 16:17:28,858 - INFO - Database initialized
2025-08-25 16:17:28,858 - INFO - Database initialized
2025-08-25 16:17:28,858 - INFO - Database initialized
2025-08-25 16:17:28,858 - INFO - Database initialized
2025-08-25 16:19:24,357 - INFO - Database initialized
2025-08-25 16:19:24,364 - INFO - Database initialized
2025-08-25 16:19:24,364 - INFO - Database initialized
2025-08-25 16:19:24,370 - INFO - Database initialized
2025-08-25 16:19:24,370 - INFO - Database initialized
2025-08-25 16:19:24,370 - INFO - Database initialized
2025-08-25 16:19:24,383 - INFO - Database initialized
2025-08-25 16:19:24,383 - INFO - Database initialized
2025-08-25 16:19:24,383 - INFO - Database initialized
2025-08-25 16:19:24,383 - INFO - Database initialized
2025-08-25 16:19:24,521 - INFO - Database initialized
2025-08-25 16:19:24,521 - INFO - Database initialized
2025-08-25 16:19:24,521 - INFO - Database initialized
2025-08-25 16:19:24,521 - INFO - Database initialized
2025-08-25 16:19:24,521 - INFO - Database initialized
2025-08-25 16:19:24,615 - INFO - Database initialized
2025-08-25 16:19:24,615 - INFO - Database initialized
2025-08-25 16:19:24,615 - INFO - Database initialized
2025-08-25 16:19:24,615 - INFO - Database initialized
2025-08-25 16:19:24,615 - INFO - Database initialized
2025-08-25 16:19:24,615 - INFO - Database initialized
2025-08-25 16:19:24,625 - INFO - Database initialized
2025-08-25 16:19:24,625 - INFO - Database initialized
2025-08-25 16:19:24,625 - INFO - Database initialized
2025-08-25 16:19:24,625 - INFO - Database initialized
2025-08-25 16:19:24,625 - INFO - Database initialized
2025-08-25 16:19:24,625 - INFO - Database initialized
2025-08-25 16:19:24,625 - INFO - Database initialized
2025-08-25 16:19:24,634 - INFO - Database initialized
2025-08-25 16:19:24,634 - INFO - Database initialized
2025-08-25 16:19:24,634 - INFO - Database initialized
2025-08-25 16:19:24,634 - INFO - Database initialized
2025-08-25 16:19:24,634 - INFO - Database initialized
2025-08-25 16:19:24,634 - INFO - Database initialized
2025-08-25 16:19:24,634 - INFO - Database initialized
2025-08-25 16:19:24,634 - INFO - Database initialized
2025-08-25 16:21:12,973 - INFO - Database initialized
2025-08-25 16:21:12,981 - INFO - Database initialized
2025-08-25 16:21:12,981 - INFO - Database initialized
2025-08-25 16:21:12,988 - INFO - Database initialized
2025-08-25 16:21:12,988 - INFO - Database initialized
2025-08-25 16:21:12,988 - INFO - Database initialized
2025-08-25 16:21:12,997 - INFO - Database initialized
2025-08-25 16:21:12,997 - INFO - Database initialized
2025-08-25 16:21:12,997 - INFO - Database initialized
2025-08-25 16:21:12,997 - INFO - Database initialized
2025-08-25 16:21:13,003 - INFO - Database initialized
2025-08-25 16:21:13,003 - INFO - Database initialized
2025-08-25 16:21:13,003 - INFO - Database initialized
2025-08-25 16:21:13,003 - INFO - Database initialized
2025-08-25 16:21:13,003 - INFO - Database initialized
2025-08-25 16:21:13,009 - INFO - Database initialized
2025-08-25 16:21:13,009 - INFO - Database initialized
2025-08-25 16:21:13,009 - INFO - Database initialized
2025-08-25 16:21:13,009 - INFO - Database initialized
2025-08-25 16:21:13,009 - INFO - Database initialized
2025-08-25 16:21:13,009 - INFO - Database initialized
2025-08-25 16:21:13,021 - INFO - Database initialized
2025-08-25 16:21:13,021 - INFO - Database initialized
2025-08-25 16:21:13,021 - INFO - Database initialized
2025-08-25 16:21:13,021 - INFO - Database initialized
2025-08-25 16:21:13,021 - INFO - Database initialized
2025-08-25 16:21:13,021 - INFO - Database initialized
2025-08-25 16:21:13,021 - INFO - Database initialized
2025-08-25 16:21:13,029 - INFO - Database initialized
2025-08-25 16:21:13,029 - INFO - Database initialized
2025-08-25 16:21:13,029 - INFO - Database initialized
2025-08-25 16:21:13,029 - INFO - Database initialized
2025-08-25 16:21:13,029 - INFO - Database initialized
2025-08-25 16:21:13,029 - INFO - Database initialized
2025-08-25 16:21:13,029 - INFO - Database initialized
2025-08-25 16:21:13,029 - INFO - Database initialized
2025-08-25 16:21:35,263 - INFO - Database initialized
2025-08-25 16:21:35,273 - INFO - Database initialized
2025-08-25 16:21:35,273 - INFO - Database initialized
2025-08-25 16:21:35,286 - INFO - Database initialized
2025-08-25 16:21:35,286 - INFO - Database initialized
2025-08-25 16:21:35,286 - INFO - Database initialized
2025-08-25 16:21:35,295 - INFO - Database initialized
2025-08-25 16:21:35,295 - INFO - Database initialized
2025-08-25 16:21:35,295 - INFO - Database initialized
2025-08-25 16:21:35,295 - INFO - Database initialized
2025-08-25 16:21:35,323 - INFO - Database initialized
2025-08-25 16:21:35,323 - INFO - Database initialized
2025-08-25 16:21:35,323 - INFO - Database initialized
2025-08-25 16:21:35,323 - INFO - Database initialized
2025-08-25 16:21:35,323 - INFO - Database initialized
2025-08-25 16:21:35,412 - INFO - Database initialized
2025-08-25 16:21:35,412 - INFO - Database initialized
2025-08-25 16:21:35,412 - INFO - Database initialized
2025-08-25 16:21:35,412 - INFO - Database initialized
2025-08-25 16:21:35,412 - INFO - Database initialized
2025-08-25 16:21:35,412 - INFO - Database initialized
2025-08-25 16:21:35,415 - INFO - Database initialized
2025-08-25 16:21:35,415 - INFO - Database initialized
2025-08-25 16:21:35,415 - INFO - Database initialized
2025-08-25 16:21:35,415 - INFO - Database initialized
2025-08-25 16:21:35,415 - INFO - Database initialized
2025-08-25 16:21:35,415 - INFO - Database initialized
2025-08-25 16:21:35,415 - INFO - Database initialized
2025-08-25 16:21:35,427 - INFO - Database initialized
2025-08-25 16:21:35,427 - INFO - Database initialized
2025-08-25 16:21:35,427 - INFO - Database initialized
2025-08-25 16:21:35,427 - INFO - Database initialized
2025-08-25 16:21:35,427 - INFO - Database initialized
2025-08-25 16:21:35,427 - INFO - Database initialized
2025-08-25 16:21:35,427 - INFO - Database initialized
2025-08-25 16:21:35,427 - INFO - Database initialized
2025-08-25 16:21:35,437 - INFO - Database initialized
2025-08-25 16:21:35,437 - INFO - Database initialized
2025-08-25 16:21:35,437 - INFO - Database initialized
2025-08-25 16:21:35,437 - INFO - Database initialized
2025-08-25 16:21:35,437 - INFO - Database initialized
2025-08-25 16:21:35,437 - INFO - Database initialized
2025-08-25 16:21:35,437 - INFO - Database initialized
2025-08-25 16:21:35,437 - INFO - Database initialized
2025-08-25 16:21:35,437 - INFO - Database initialized
2025-08-25 16:21:35,443 - INFO - Database initialized
2025-08-25 16:21:35,443 - INFO - Database initialized
2025-08-25 16:21:35,443 - INFO - Database initialized
2025-08-25 16:21:35,443 - INFO - Database initialized
2025-08-25 16:21:35,443 - INFO - Database initialized
2025-08-25 16:21:35,443 - INFO - Database initialized
2025-08-25 16:21:35,443 - INFO - Database initialized
2025-08-25 16:21:35,443 - INFO - Database initialized
2025-08-25 16:21:35,443 - INFO - Database initialized
2025-08-25 16:21:35,443 - INFO - Database initialized
2025-08-25 16:21:48,528 - INFO - Database initialized
2025-08-25 16:21:48,541 - INFO - Database initialized
2025-08-25 16:21:48,541 - INFO - Database initialized
2025-08-25 16:21:48,548 - INFO - Database initialized
2025-08-25 16:21:48,548 - INFO - Database initialized
2025-08-25 16:21:48,548 - INFO - Database initialized
2025-08-25 16:21:48,559 - INFO - Database initialized
2025-08-25 16:21:48,559 - INFO - Database initialized
2025-08-25 16:21:48,559 - INFO - Database initialized
2025-08-25 16:21:48,559 - INFO - Database initialized
2025-08-25 16:21:48,575 - INFO - Database initialized
2025-08-25 16:21:48,575 - INFO - Database initialized
2025-08-25 16:21:48,575 - INFO - Database initialized
2025-08-25 16:21:48,575 - INFO - Database initialized
2025-08-25 16:21:48,575 - INFO - Database initialized
2025-08-25 16:21:48,583 - INFO - Database initialized
2025-08-25 16:21:48,583 - INFO - Database initialized
2025-08-25 16:21:48,583 - INFO - Database initialized
2025-08-25 16:21:48,583 - INFO - Database initialized
2025-08-25 16:21:48,583 - INFO - Database initialized
2025-08-25 16:21:48,583 - INFO - Database initialized
2025-08-25 16:21:48,584 - INFO - Database initialized
2025-08-25 16:21:48,584 - INFO - Database initialized
2025-08-25 16:21:48,584 - INFO - Database initialized
2025-08-25 16:21:48,584 - INFO - Database initialized
2025-08-25 16:21:48,584 - INFO - Database initialized
2025-08-25 16:21:48,584 - INFO - Database initialized
2025-08-25 16:21:48,584 - INFO - Database initialized
2025-08-25 16:21:48,591 - INFO - Database initialized
2025-08-25 16:21:48,591 - INFO - Database initialized
2025-08-25 16:21:48,591 - INFO - Database initialized
2025-08-25 16:21:48,591 - INFO - Database initialized
2025-08-25 16:21:48,591 - INFO - Database initialized
2025-08-25 16:21:48,591 - INFO - Database initialized
2025-08-25 16:21:48,591 - INFO - Database initialized
2025-08-25 16:21:48,591 - INFO - Database initialized
2025-08-25 16:21:48,598 - INFO - Database initialized
2025-08-25 16:21:48,598 - INFO - Database initialized
2025-08-25 16:21:48,598 - INFO - Database initialized
2025-08-25 16:21:48,598 - INFO - Database initialized
2025-08-25 16:21:48,598 - INFO - Database initialized
2025-08-25 16:21:48,598 - INFO - Database initialized
2025-08-25 16:21:48,598 - INFO - Database initialized
2025-08-25 16:21:48,598 - INFO - Database initialized
2025-08-25 16:21:48,598 - INFO - Database initialized
2025-08-25 16:21:48,604 - INFO - Database initialized
2025-08-25 16:21:48,604 - INFO - Database initialized
2025-08-25 16:21:48,604 - INFO - Database initialized
2025-08-25 16:21:48,604 - INFO - Database initialized
2025-08-25 16:21:48,604 - INFO - Database initialized
2025-08-25 16:21:48,604 - INFO - Database initialized
2025-08-25 16:21:48,604 - INFO - Database initialized
2025-08-25 16:21:48,604 - INFO - Database initialized
2025-08-25 16:21:48,604 - INFO - Database initialized
2025-08-25 16:21:48,604 - INFO - Database initialized
2025-08-25 16:21:48,613 - INFO - Database initialized
2025-08-25 16:21:48,613 - INFO - Database initialized
2025-08-25 16:21:48,613 - INFO - Database initialized
2025-08-25 16:21:48,613 - INFO - Database initialized
2025-08-25 16:21:48,613 - INFO - Database initialized
2025-08-25 16:21:48,613 - INFO - Database initialized
2025-08-25 16:21:48,613 - INFO - Database initialized
2025-08-25 16:21:48,613 - INFO - Database initialized
2025-08-25 16:21:48,613 - INFO - Database initialized
2025-08-25 16:21:48,613 - INFO - Database initialized
2025-08-25 16:21:48,613 - INFO - Database initialized
2025-08-25 16:21:48,622 - INFO - Database initialized
2025-08-25 16:21:48,622 - INFO - Database initialized
2025-08-25 16:21:48,622 - INFO - Database initialized
2025-08-25 16:21:48,622 - INFO - Database initialized
2025-08-25 16:21:48,622 - INFO - Database initialized
2025-08-25 16:21:48,622 - INFO - Database initialized
2025-08-25 16:21:48,622 - INFO - Database initialized
2025-08-25 16:21:48,622 - INFO - Database initialized
2025-08-25 16:21:48,622 - INFO - Database initialized
2025-08-25 16:21:48,622 - INFO - Database initialized
2025-08-25 16:21:48,622 - INFO - Database initialized
2025-08-25 16:21:48,622 - INFO - Database initialized
2025-08-25 16:21:48,638 - INFO - Database initialized
2025-08-25 16:21:48,638 - INFO - Database initialized
2025-08-25 16:21:48,638 - INFO - Database initialized
2025-08-25 16:21:48,638 - INFO - Database initialized
2025-08-25 16:21:48,638 - INFO - Database initialized
2025-08-25 16:21:48,638 - INFO - Database initialized
2025-08-25 16:21:48,638 - INFO - Database initialized
2025-08-25 16:21:48,638 - INFO - Database initialized
2025-08-25 16:21:48,638 - INFO - Database initialized
2025-08-25 16:21:48,638 - INFO - Database initialized
2025-08-25 16:21:48,638 - INFO - Database initialized
2025-08-25 16:21:48,638 - INFO - Database initialized
2025-08-25 16:21:48,638 - INFO - Database initialized
2025-08-25 16:21:48,657 - INFO - Database initialized
2025-08-25 16:21:48,657 - INFO - Database initialized
2025-08-25 16:21:48,657 - INFO - Database initialized
2025-08-25 16:21:48,657 - INFO - Database initialized
2025-08-25 16:21:48,657 - INFO - Database initialized
2025-08-25 16:21:48,657 - INFO - Database initialized
2025-08-25 16:21:48,657 - INFO - Database initialized
2025-08-25 16:21:48,657 - INFO - Database initialized
2025-08-25 16:21:48,657 - INFO - Database initialized
2025-08-25 16:21:48,657 - INFO - Database initialized
2025-08-25 16:21:48,657 - INFO - Database initialized
2025-08-25 16:21:48,657 - INFO - Database initialized
2025-08-25 16:21:48,657 - INFO - Database initialized
2025-08-25 16:21:48,657 - INFO - Database initialized
2025-08-25 16:21:48,664 - INFO - Database initialized
2025-08-25 16:21:48,664 - INFO - Database initialized
2025-08-25 16:21:48,664 - INFO - Database initialized
2025-08-25 16:21:48,664 - INFO - Database initialized
2025-08-25 16:21:48,664 - INFO - Database initialized
2025-08-25 16:21:48,664 - INFO - Database initialized
2025-08-25 16:21:48,664 - INFO - Database initialized
2025-08-25 16:21:48,664 - INFO - Database initialized
2025-08-25 16:21:48,664 - INFO - Database initialized
2025-08-25 16:21:48,664 - INFO - Database initialized
2025-08-25 16:21:48,664 - INFO - Database initialized
2025-08-25 16:21:48,664 - INFO - Database initialized
2025-08-25 16:21:48,664 - INFO - Database initialized
2025-08-25 16:21:48,664 - INFO - Database initialized
2025-08-25 16:21:48,664 - INFO - Database initialized
2025-08-25 16:21:48,674 - INFO - Database initialized
2025-08-25 16:21:48,674 - INFO - Database initialized
2025-08-25 16:21:48,674 - INFO - Database initialized
2025-08-25 16:21:48,674 - INFO - Database initialized
2025-08-25 16:21:48,674 - INFO - Database initialized
2025-08-25 16:21:48,674 - INFO - Database initialized
2025-08-25 16:21:48,674 - INFO - Database initialized
2025-08-25 16:21:48,674 - INFO - Database initialized
2025-08-25 16:21:48,674 - INFO - Database initialized
2025-08-25 16:21:48,674 - INFO - Database initialized
2025-08-25 16:21:48,674 - INFO - Database initialized
2025-08-25 16:21:48,674 - INFO - Database initialized
2025-08-25 16:21:48,674 - INFO - Database initialized
2025-08-25 16:21:48,674 - INFO - Database initialized
2025-08-25 16:21:48,674 - INFO - Database initialized
2025-08-25 16:21:48,674 - INFO - Database initialized
2025-08-25 16:21:48,684 - INFO - Database initialized
2025-08-25 16:21:48,684 - INFO - Database initialized
2025-08-25 16:21:48,684 - INFO - Database initialized
2025-08-25 16:21:48,684 - INFO - Database initialized
2025-08-25 16:21:48,684 - INFO - Database initialized
2025-08-25 16:21:48,684 - INFO - Database initialized
2025-08-25 16:21:48,684 - INFO - Database initialized
2025-08-25 16:21:48,684 - INFO - Database initialized
2025-08-25 16:21:48,684 - INFO - Database initialized
2025-08-25 16:21:48,684 - INFO - Database initialized
2025-08-25 16:21:48,684 - INFO - Database initialized
2025-08-25 16:21:48,684 - INFO - Database initialized
2025-08-25 16:21:48,684 - INFO - Database initialized
2025-08-25 16:21:48,684 - INFO - Database initialized
2025-08-25 16:21:48,684 - INFO - Database initialized
2025-08-25 16:21:48,684 - INFO - Database initialized
2025-08-25 16:21:48,684 - INFO - Database initialized
2025-08-25 16:21:48,692 - INFO - Database initialized
2025-08-25 16:21:48,692 - INFO - Database initialized
2025-08-25 16:21:48,692 - INFO - Database initialized
2025-08-25 16:21:48,692 - INFO - Database initialized
2025-08-25 16:21:48,692 - INFO - Database initialized
2025-08-25 16:21:48,692 - INFO - Database initialized
2025-08-25 16:21:48,692 - INFO - Database initialized
2025-08-25 16:21:48,692 - INFO - Database initialized
2025-08-25 16:21:48,692 - INFO - Database initialized
2025-08-25 16:21:48,692 - INFO - Database initialized
2025-08-25 16:21:48,692 - INFO - Database initialized
2025-08-25 16:21:48,692 - INFO - Database initialized
2025-08-25 16:21:48,692 - INFO - Database initialized
2025-08-25 16:21:48,692 - INFO - Database initialized
2025-08-25 16:21:48,692 - INFO - Database initialized
2025-08-25 16:21:48,692 - INFO - Database initialized
2025-08-25 16:21:48,692 - INFO - Database initialized
2025-08-25 16:21:48,692 - INFO - Database initialized
2025-08-25 16:22:13,490 - INFO - Database initialized
2025-08-26 00:10:30,126 - INFO - Database initialized
2025-08-26 00:10:37,713 - INFO - Database initialized
2025-08-26 00:10:37,768 - INFO - Database initialized
2025-08-26 00:10:37,768 - INFO - Database initialized
2025-08-26 00:10:37,775 - INFO - Database initialized
2025-08-26 00:10:37,775 - INFO - Database initialized
2025-08-26 00:10:37,775 - INFO - Database initialized
2025-08-26 00:10:37,783 - INFO - Database initialized
2025-08-26 00:10:37,783 - INFO - Database initialized
2025-08-26 00:10:37,783 - INFO - Database initialized
2025-08-26 00:10:37,783 - INFO - Database initialized
2025-08-26 00:10:37,812 - INFO - Database initialized
2025-08-26 00:10:37,812 - INFO - Database initialized
2025-08-26 00:10:37,812 - INFO - Database initialized
2025-08-26 00:10:37,812 - INFO - Database initialized
2025-08-26 00:10:37,812 - INFO - Database initialized
2025-08-26 00:10:37,819 - INFO - Database initialized
2025-08-26 00:10:37,819 - INFO - Database initialized
2025-08-26 00:10:37,819 - INFO - Database initialized
2025-08-26 00:10:37,819 - INFO - Database initialized
2025-08-26 00:10:37,819 - INFO - Database initialized
2025-08-26 00:10:37,819 - INFO - Database initialized
2025-08-26 00:10:37,828 - INFO - Database initialized
2025-08-26 00:10:37,828 - INFO - Database initialized
2025-08-26 00:10:37,828 - INFO - Database initialized
2025-08-26 00:10:37,828 - INFO - Database initialized
2025-08-26 00:10:37,828 - INFO - Database initialized
2025-08-26 00:10:37,828 - INFO - Database initialized
2025-08-26 00:10:37,828 - INFO - Database initialized
2025-08-26 00:10:37,834 - INFO - Database initialized
2025-08-26 00:10:37,834 - INFO - Database initialized
2025-08-26 00:10:37,834 - INFO - Database initialized
2025-08-26 00:10:37,834 - INFO - Database initialized
2025-08-26 00:10:37,834 - INFO - Database initialized
2025-08-26 00:10:37,834 - INFO - Database initialized
2025-08-26 00:10:37,834 - INFO - Database initialized
2025-08-26 00:10:37,834 - INFO - Database initialized
2025-08-26 00:10:37,840 - INFO - Database initialized
2025-08-26 00:10:37,840 - INFO - Database initialized
2025-08-26 00:10:37,840 - INFO - Database initialized
2025-08-26 00:10:37,840 - INFO - Database initialized
2025-08-26 00:10:37,840 - INFO - Database initialized
2025-08-26 00:10:37,840 - INFO - Database initialized
2025-08-26 00:10:37,840 - INFO - Database initialized
2025-08-26 00:10:37,840 - INFO - Database initialized
2025-08-26 00:10:37,840 - INFO - Database initialized
2025-08-26 00:10:37,845 - INFO - Database initialized
2025-08-26 00:10:37,845 - INFO - Database initialized
2025-08-26 00:10:37,845 - INFO - Database initialized
2025-08-26 00:10:37,845 - INFO - Database initialized
2025-08-26 00:10:37,845 - INFO - Database initialized
2025-08-26 00:10:37,845 - INFO - Database initialized
2025-08-26 00:10:37,845 - INFO - Database initialized
2025-08-26 00:10:37,845 - INFO - Database initialized
2025-08-26 00:10:37,845 - INFO - Database initialized
2025-08-26 00:10:37,845 - INFO - Database initialized
2025-08-26 00:10:37,863 - INFO - Database initialized
2025-08-26 00:10:37,863 - INFO - Database initialized
2025-08-26 00:10:37,863 - INFO - Database initialized
2025-08-26 00:10:37,863 - INFO - Database initialized
2025-08-26 00:10:37,863 - INFO - Database initialized
2025-08-26 00:10:37,863 - INFO - Database initialized
2025-08-26 00:10:37,863 - INFO - Database initialized
2025-08-26 00:10:37,863 - INFO - Database initialized
2025-08-26 00:10:37,863 - INFO - Database initialized
2025-08-26 00:10:37,863 - INFO - Database initialized
2025-08-26 00:10:37,863 - INFO - Database initialized
2025-08-26 00:10:37,870 - INFO - Database initialized
2025-08-26 00:10:37,870 - INFO - Database initialized
2025-08-26 00:10:37,870 - INFO - Database initialized
2025-08-26 00:10:37,870 - INFO - Database initialized
2025-08-26 00:10:37,870 - INFO - Database initialized
2025-08-26 00:10:37,870 - INFO - Database initialized
2025-08-26 00:10:37,870 - INFO - Database initialized
2025-08-26 00:10:37,870 - INFO - Database initialized
2025-08-26 00:10:37,870 - INFO - Database initialized
2025-08-26 00:10:37,870 - INFO - Database initialized
2025-08-26 00:10:37,870 - INFO - Database initialized
2025-08-26 00:10:37,870 - INFO - Database initialized
2025-08-26 00:10:37,877 - INFO - Database initialized
2025-08-26 00:10:37,877 - INFO - Database initialized
2025-08-26 00:10:37,877 - INFO - Database initialized
2025-08-26 00:10:37,877 - INFO - Database initialized
2025-08-26 00:10:37,877 - INFO - Database initialized
2025-08-26 00:10:37,877 - INFO - Database initialized
2025-08-26 00:10:37,877 - INFO - Database initialized
2025-08-26 00:10:37,877 - INFO - Database initialized
2025-08-26 00:10:37,877 - INFO - Database initialized
2025-08-26 00:10:37,877 - INFO - Database initialized
2025-08-26 00:10:37,877 - INFO - Database initialized
2025-08-26 00:10:37,877 - INFO - Database initialized
2025-08-26 00:10:37,877 - INFO - Database initialized
2025-08-26 00:10:37,886 - INFO - Database initialized
2025-08-26 00:10:37,886 - INFO - Database initialized
2025-08-26 00:10:37,886 - INFO - Database initialized
2025-08-26 00:10:37,886 - INFO - Database initialized
2025-08-26 00:10:37,886 - INFO - Database initialized
2025-08-26 00:10:37,886 - INFO - Database initialized
2025-08-26 00:10:37,886 - INFO - Database initialized
2025-08-26 00:10:37,886 - INFO - Database initialized
2025-08-26 00:10:37,886 - INFO - Database initialized
2025-08-26 00:10:37,886 - INFO - Database initialized
2025-08-26 00:10:37,886 - INFO - Database initialized
2025-08-26 00:10:37,886 - INFO - Database initialized
2025-08-26 00:10:37,886 - INFO - Database initialized
2025-08-26 00:10:37,886 - INFO - Database initialized
2025-08-26 00:10:37,892 - INFO - Database initialized
2025-08-26 00:10:37,892 - INFO - Database initialized
2025-08-26 00:10:37,892 - INFO - Database initialized
2025-08-26 00:10:37,892 - INFO - Database initialized
2025-08-26 00:10:37,892 - INFO - Database initialized
2025-08-26 00:10:37,892 - INFO - Database initialized
2025-08-26 00:10:37,892 - INFO - Database initialized
2025-08-26 00:10:37,892 - INFO - Database initialized
2025-08-26 00:10:37,892 - INFO - Database initialized
2025-08-26 00:10:37,892 - INFO - Database initialized
2025-08-26 00:10:37,892 - INFO - Database initialized
2025-08-26 00:10:37,892 - INFO - Database initialized
2025-08-26 00:10:37,892 - INFO - Database initialized
2025-08-26 00:10:37,892 - INFO - Database initialized
2025-08-26 00:10:37,892 - INFO - Database initialized
2025-08-26 00:10:37,897 - INFO - Database initialized
2025-08-26 00:10:37,897 - INFO - Database initialized
2025-08-26 00:10:37,897 - INFO - Database initialized
2025-08-26 00:10:37,897 - INFO - Database initialized
2025-08-26 00:10:37,897 - INFO - Database initialized
2025-08-26 00:10:37,897 - INFO - Database initialized
2025-08-26 00:10:37,897 - INFO - Database initialized
2025-08-26 00:10:37,897 - INFO - Database initialized
2025-08-26 00:10:37,897 - INFO - Database initialized
2025-08-26 00:10:37,897 - INFO - Database initialized
2025-08-26 00:10:37,897 - INFO - Database initialized
2025-08-26 00:10:37,897 - INFO - Database initialized
2025-08-26 00:10:37,897 - INFO - Database initialized
2025-08-26 00:10:37,897 - INFO - Database initialized
2025-08-26 00:10:37,897 - INFO - Database initialized
2025-08-26 00:10:37,897 - INFO - Database initialized
2025-08-26 00:10:37,904 - INFO - Database initialized
2025-08-26 00:10:37,904 - INFO - Database initialized
2025-08-26 00:10:37,904 - INFO - Database initialized
2025-08-26 00:10:37,904 - INFO - Database initialized
2025-08-26 00:10:37,904 - INFO - Database initialized
2025-08-26 00:10:37,904 - INFO - Database initialized
2025-08-26 00:10:37,904 - INFO - Database initialized
2025-08-26 00:10:37,904 - INFO - Database initialized
2025-08-26 00:10:37,904 - INFO - Database initialized
2025-08-26 00:10:37,904 - INFO - Database initialized
2025-08-26 00:10:37,904 - INFO - Database initialized
2025-08-26 00:10:37,904 - INFO - Database initialized
2025-08-26 00:10:37,904 - INFO - Database initialized
2025-08-26 00:10:37,904 - INFO - Database initialized
2025-08-26 00:10:37,904 - INFO - Database initialized
2025-08-26 00:10:37,904 - INFO - Database initialized
2025-08-26 00:10:37,904 - INFO - Database initialized
2025-08-26 00:10:37,910 - INFO - Database initialized
2025-08-26 00:10:37,910 - INFO - Database initialized
2025-08-26 00:10:37,910 - INFO - Database initialized
2025-08-26 00:10:37,910 - INFO - Database initialized
2025-08-26 00:10:37,910 - INFO - Database initialized
2025-08-26 00:10:37,910 - INFO - Database initialized
2025-08-26 00:10:37,910 - INFO - Database initialized
2025-08-26 00:10:37,910 - INFO - Database initialized
2025-08-26 00:10:37,910 - INFO - Database initialized
2025-08-26 00:10:37,910 - INFO - Database initialized
2025-08-26 00:10:37,910 - INFO - Database initialized
2025-08-26 00:10:37,910 - INFO - Database initialized
2025-08-26 00:10:37,910 - INFO - Database initialized
2025-08-26 00:10:37,910 - INFO - Database initialized
2025-08-26 00:10:37,910 - INFO - Database initialized
2025-08-26 00:10:37,910 - INFO - Database initialized
2025-08-26 00:10:37,910 - INFO - Database initialized
2025-08-26 00:10:37,910 - INFO - Database initialized
