2025-08-25 00:49:25,176 - INFO - [NEURAL DEPLOY] - 🚀 INICIANDO DESPLIEGUE DEL PROTOCOLO NEURAL
2025-08-25 00:49:25,176 - INFO - [NEURAL DEPLOY] - 🔒 NIVEL DE CLASIFICACIÓN: TOP SECRET
2025-08-25 00:49:25,176 - INFO - [NEURAL DEPLOY] - 🔍 FASE 1: Verificando requisitos del sistema...
2025-08-25 00:49:25,177 - INFO - [NEURAL DEPLOY] - ✅ Python 3.13.6
2025-08-25 00:49:25,177 - INFO - [NEURAL DEPLOY] - ✅ Espacio en disco: 13.4GB disponible
2025-08-25 00:49:25,177 - INFO - [NEURAL DEPLOY] - ✅ Estructura de directorios verificada
2025-08-25 00:49:26,188 - INFO - [NEURAL DEPLOY] - 📦 FASE 2: Instalando dependencias neurales...
2025-08-25 00:49:26,192 - INFO - [NEURAL DEPLOY] - 📦 Instalando selenium...
2025-08-25 00:49:26,700 - INFO - [NEURAL DEPLOY] - ✅ selenium instalado
2025-08-25 00:49:26,700 - INFO - [NEURAL DEPLOY] - 📦 Instalando undetected-chromedriver...
2025-08-25 00:49:27,214 - INFO - [NEURAL DEPLOY] - ✅ undetected-chromedriver instalado
2025-08-25 00:49:27,215 - INFO - [NEURAL DEPLOY] - 📦 Instalando tensorflow...
2025-08-25 00:49:27,728 - INFO - [NEURAL DEPLOY] - ✅ tensorflow instalado
2025-08-25 00:49:27,728 - INFO - [NEURAL DEPLOY] - 📦 Instalando torch...
2025-08-25 00:49:28,238 - INFO - [NEURAL DEPLOY] - ✅ torch instalado
2025-08-25 00:49:28,240 - INFO - [NEURAL DEPLOY] - 📦 Instalando scikit-learn...
2025-08-25 00:49:28,751 - INFO - [NEURAL DEPLOY] - ✅ scikit-learn instalado
2025-08-25 00:49:28,751 - INFO - [NEURAL DEPLOY] - 📦 Instalando nltk...
2025-08-25 00:49:29,262 - INFO - [NEURAL DEPLOY] - ✅ nltk instalado
2025-08-25 00:49:29,262 - INFO - [NEURAL DEPLOY] - 📦 Instalando spacy...
2025-08-25 00:49:29,775 - INFO - [NEURAL DEPLOY] - ✅ spacy instalado
2025-08-25 00:49:29,776 - INFO - [NEURAL DEPLOY] - 📦 Instalando fake-useragent...
2025-08-25 00:49:30,301 - INFO - [NEURAL DEPLOY] - ✅ fake-useragent instalado
2025-08-25 00:49:30,303 - INFO - [NEURAL DEPLOY] - 📦 Instalando aiohttp...
2025-08-25 00:49:30,818 - INFO - [NEURAL DEPLOY] - ✅ aiohttp instalado
2025-08-25 00:49:30,844 - INFO - [NEURAL DEPLOY] - 📦 Instalando asyncio...
2025-08-25 00:49:31,396 - INFO - [NEURAL DEPLOY] - ✅ asyncio instalado
2025-08-25 00:49:31,398 - INFO - [NEURAL DEPLOY] - 📦 Instalando beautifulsoup4...
2025-08-25 00:49:31,910 - INFO - [NEURAL DEPLOY] - ✅ beautifulsoup4 instalado
2025-08-25 00:49:31,911 - INFO - [NEURAL DEPLOY] - 📦 Instalando pandas...
2025-08-25 00:49:32,425 - INFO - [NEURAL DEPLOY] - ✅ pandas instalado
2025-08-25 00:49:32,445 - INFO - [NEURAL DEPLOY] - 📦 Instalando numpy...
2025-08-25 00:49:32,976 - INFO - [NEURAL DEPLOY] - ✅ numpy instalado
2025-08-25 00:49:32,977 - INFO - [NEURAL DEPLOY] - ✅ Todas las dependencias instaladas
2025-08-25 00:49:32,977 - INFO - [NEURAL DEPLOY] - 🕵️ FASE 3: Configurando componentes stealth...
2025-08-25 00:49:32,977 - INFO - [NEURAL DEPLOY] - 📁 Directorio creado: neural_data
2025-08-25 00:49:32,978 - INFO - [NEURAL DEPLOY] - 📁 Directorio creado: stealth_logs
2025-08-25 00:49:32,978 - INFO - [NEURAL DEPLOY] - 📁 Directorio creado: proxy_configs
2025-08-25 00:49:32,978 - INFO - [NEURAL DEPLOY] - 📁 Directorio creado: neural_models
2025-08-25 00:49:32,979 - INFO - [NEURAL DEPLOY] - 📁 Directorio creado: encrypted_cache
2025-08-25 00:49:32,979 - INFO - [NEURAL DEPLOY] - 📄 Configuración creada: neural_protocol_config.json
2025-08-25 00:49:32,981 - INFO - [NEURAL DEPLOY] - 📄 Configuración creada: stealth_config.json
2025-08-25 00:49:32,982 - INFO - [NEURAL DEPLOY] - 📄 Configuración creada: neural_analyzer_config.json
2025-08-25 00:49:32,982 - INFO - [NEURAL DEPLOY] - 🌐 Configurando pool de proxies...
2025-08-25 00:49:32,983 - INFO - [NEURAL DEPLOY] - ✅ Pool de proxies configurado
2025-08-25 00:49:32,983 - INFO - [NEURAL DEPLOY] - ✅ Componentes stealth configurados
2025-08-25 00:49:33,996 - INFO - [NEURAL DEPLOY] - 🧠 FASE 4: Desplegando componentes neurales...
2025-08-25 00:49:33,996 - INFO - [NEURAL DEPLOY] - 🧠 Desplegando neural_protocol_scraper...
2025-08-25 00:49:35,006 - INFO - [NEURAL DEPLOY] - ✅ neural_protocol_scraper desplegado
2025-08-25 00:49:35,006 - INFO - [NEURAL DEPLOY] - 🧠 Desplegando neural_profile_analyzer...
2025-08-25 00:49:36,015 - INFO - [NEURAL DEPLOY] - ✅ neural_profile_analyzer desplegado
2025-08-25 00:49:36,015 - INFO - [NEURAL DEPLOY] - 🧠 Desplegando stealth_lead_generator...
2025-08-25 00:49:37,019 - INFO - [NEURAL DEPLOY] - ✅ stealth_lead_generator desplegado
2025-08-25 00:49:37,019 - INFO - [NEURAL DEPLOY] - ✅ Todos los componentes neurales desplegados
2025-08-25 00:49:37,020 - INFO - [NEURAL DEPLOY] - 🔗 FASE 5: Integrando con ecosistema existente...
2025-08-25 00:49:37,020 - INFO - [NEURAL DEPLOY] - ✅ Agente configurado: neural_protocol_scraper
2025-08-25 00:49:37,020 - INFO - [NEURAL DEPLOY] - ✅ Agente configurado: neural_profile_analyzer
2025-08-25 00:49:37,021 - INFO - [NEURAL DEPLOY] - ✅ Agente configurado: stealth_lead_generator
2025-08-25 00:49:37,021 - INFO - [NEURAL DEPLOY] - ✅ Integración con ecosistema verificada
2025-08-25 00:49:38,026 - INFO - [NEURAL DEPLOY] - 🔍 FASE 6: Verificando despliegue...
2025-08-25 00:49:38,027 - INFO - [NEURAL DEPLOY] - ✅ Archivo verificado: neural_protocol_scraper.py
2025-08-25 00:49:38,027 - INFO - [NEURAL DEPLOY] - ✅ Archivo verificado: neural_profile_analyzer.py
2025-08-25 00:49:38,027 - INFO - [NEURAL DEPLOY] - ✅ Archivo verificado: stealth_lead_generator.py
2025-08-25 00:49:38,028 - INFO - [NEURAL DEPLOY] - ✅ Configuración verificada: neural_protocol_config.json
2025-08-25 00:49:38,028 - INFO - [NEURAL DEPLOY] - ✅ Configuración verificada: stealth_config.json
2025-08-25 00:49:38,028 - INFO - [NEURAL DEPLOY] - ✅ Configuración verificada: neural_analyzer_config.json
2025-08-25 00:49:38,028 - INFO - [NEURAL DEPLOY] - ✅ Directorio verificado: neural_data
2025-08-25 00:49:38,029 - INFO - [NEURAL DEPLOY] - ✅ Directorio verificado: stealth_logs
2025-08-25 00:49:38,029 - INFO - [NEURAL DEPLOY] - ✅ Directorio verificado: proxy_configs
2025-08-25 00:49:38,029 - INFO - [NEURAL DEPLOY] - ✅ Directorio verificado: neural_models
2025-08-25 00:49:38,029 - INFO - [NEURAL DEPLOY] - ✅ Verificación de despliegue completada
2025-08-25 00:49:39,038 - INFO - [NEURAL DEPLOY] - 🚀 FASE 7: Activando protocolo neural...
2025-08-25 00:49:39,040 - ERROR - [NEURAL DEPLOY] - 💥 ERROR EN DESPLIEGUE NEURAL: 'charmap' codec can't encode character '\U0001f9e0' in position 205: character maps to <undefined>
2025-08-25 00:51:30,148 - INFO - [NEURAL DEPLOY] - INICIANDO DESPLIEGUE DEL PROTOCOLO NEURAL
2025-08-25 00:51:30,149 - INFO - [NEURAL DEPLOY] - NIVEL DE CLASIFICACIÓN: TOP SECRET
2025-08-25 00:51:30,149 - INFO - [NEURAL DEPLOY] - 🔍 FASE 1: Verificando requisitos del sistema...
2025-08-25 00:51:30,149 - INFO - [NEURAL DEPLOY] - ✅ Python 3.13.6
2025-08-25 00:51:30,150 - INFO - [NEURAL DEPLOY] - ✅ Espacio en disco: 13.4GB disponible
2025-08-25 00:51:30,150 - INFO - [NEURAL DEPLOY] - ✅ Estructura de directorios verificada
2025-08-25 00:51:31,153 - INFO - [NEURAL DEPLOY] - 📦 FASE 2: Instalando dependencias neurales...
2025-08-25 00:51:31,154 - INFO - [NEURAL DEPLOY] - 📦 Instalando selenium...
2025-08-25 00:51:31,665 - INFO - [NEURAL DEPLOY] - ✅ selenium instalado
2025-08-25 00:51:31,666 - INFO - [NEURAL DEPLOY] - 📦 Instalando undetected-chromedriver...
2025-08-25 00:51:32,168 - INFO - [NEURAL DEPLOY] - ✅ undetected-chromedriver instalado
2025-08-25 00:51:32,168 - INFO - [NEURAL DEPLOY] - 📦 Instalando tensorflow...
2025-08-25 00:51:32,681 - INFO - [NEURAL DEPLOY] - ✅ tensorflow instalado
2025-08-25 00:51:32,682 - INFO - [NEURAL DEPLOY] - 📦 Instalando torch...
2025-08-25 00:51:33,191 - INFO - [NEURAL DEPLOY] - ✅ torch instalado
2025-08-25 00:51:33,193 - INFO - [NEURAL DEPLOY] - 📦 Instalando scikit-learn...
2025-08-25 00:51:33,699 - INFO - [NEURAL DEPLOY] - ✅ scikit-learn instalado
2025-08-25 00:51:33,700 - INFO - [NEURAL DEPLOY] - 📦 Instalando nltk...
2025-08-25 00:51:34,269 - INFO - [NEURAL DEPLOY] - ✅ nltk instalado
2025-08-25 00:51:34,417 - INFO - [NEURAL DEPLOY] - 📦 Instalando spacy...
2025-08-25 00:51:34,997 - INFO - [NEURAL DEPLOY] - ✅ spacy instalado
2025-08-25 00:51:34,998 - INFO - [NEURAL DEPLOY] - 📦 Instalando fake-useragent...
2025-08-25 00:51:35,514 - INFO - [NEURAL DEPLOY] - ✅ fake-useragent instalado
2025-08-25 00:51:35,516 - INFO - [NEURAL DEPLOY] - 📦 Instalando aiohttp...
2025-08-25 00:51:36,025 - INFO - [NEURAL DEPLOY] - ✅ aiohttp instalado
2025-08-25 00:51:36,025 - INFO - [NEURAL DEPLOY] - 📦 Instalando asyncio...
2025-08-25 00:51:36,534 - INFO - [NEURAL DEPLOY] - ✅ asyncio instalado
2025-08-25 00:51:36,534 - INFO - [NEURAL DEPLOY] - 📦 Instalando beautifulsoup4...
2025-08-25 00:51:37,047 - INFO - [NEURAL DEPLOY] - ✅ beautifulsoup4 instalado
2025-08-25 00:51:37,048 - INFO - [NEURAL DEPLOY] - 📦 Instalando pandas...
2025-08-25 00:51:37,558 - INFO - [NEURAL DEPLOY] - ✅ pandas instalado
2025-08-25 00:51:37,559 - INFO - [NEURAL DEPLOY] - 📦 Instalando numpy...
2025-08-25 00:51:38,071 - INFO - [NEURAL DEPLOY] - ✅ numpy instalado
2025-08-25 00:51:38,072 - INFO - [NEURAL DEPLOY] - ✅ Todas las dependencias instaladas
2025-08-25 00:51:38,073 - INFO - [NEURAL DEPLOY] - 🕵️ FASE 3: Configurando componentes stealth...
2025-08-25 00:51:38,074 - INFO - [NEURAL DEPLOY] - 📁 Directorio creado: neural_data
2025-08-25 00:51:38,075 - INFO - [NEURAL DEPLOY] - 📁 Directorio creado: stealth_logs
2025-08-25 00:51:38,077 - INFO - [NEURAL DEPLOY] - 📁 Directorio creado: proxy_configs
2025-08-25 00:51:38,080 - INFO - [NEURAL DEPLOY] - 📁 Directorio creado: neural_models
2025-08-25 00:51:38,082 - INFO - [NEURAL DEPLOY] - 📁 Directorio creado: encrypted_cache
2025-08-25 00:51:38,086 - INFO - [NEURAL DEPLOY] - 📄 Configuración creada: neural_protocol_config.json
2025-08-25 00:51:38,089 - INFO - [NEURAL DEPLOY] - 📄 Configuración creada: stealth_config.json
2025-08-25 00:51:38,091 - INFO - [NEURAL DEPLOY] - 📄 Configuración creada: neural_analyzer_config.json
2025-08-25 00:51:38,092 - INFO - [NEURAL DEPLOY] - 🌐 Configurando pool de proxies...
2025-08-25 00:51:38,093 - INFO - [NEURAL DEPLOY] - ✅ Pool de proxies configurado
2025-08-25 00:51:38,094 - INFO - [NEURAL DEPLOY] - ✅ Componentes stealth configurados
2025-08-25 00:51:39,099 - INFO - [NEURAL DEPLOY] - 🧠 FASE 4: Desplegando componentes neurales...
2025-08-25 00:51:39,100 - INFO - [NEURAL DEPLOY] - 🧠 Desplegando neural_protocol_scraper...
2025-08-25 00:51:40,107 - INFO - [NEURAL DEPLOY] - ✅ neural_protocol_scraper desplegado
2025-08-25 00:51:40,108 - INFO - [NEURAL DEPLOY] - 🧠 Desplegando neural_profile_analyzer...
2025-08-25 00:51:41,115 - INFO - [NEURAL DEPLOY] - ✅ neural_profile_analyzer desplegado
2025-08-25 00:51:41,115 - INFO - [NEURAL DEPLOY] - 🧠 Desplegando stealth_lead_generator...
2025-08-25 00:51:42,124 - INFO - [NEURAL DEPLOY] - ✅ stealth_lead_generator desplegado
2025-08-25 00:51:42,124 - INFO - [NEURAL DEPLOY] - ✅ Todos los componentes neurales desplegados
2025-08-25 00:51:42,125 - INFO - [NEURAL DEPLOY] - 🔗 FASE 5: Integrando con ecosistema existente...
2025-08-25 00:51:42,125 - INFO - [NEURAL DEPLOY] - ✅ Agente configurado: neural_protocol_scraper
2025-08-25 00:51:42,125 - INFO - [NEURAL DEPLOY] - ✅ Agente configurado: neural_profile_analyzer
2025-08-25 00:51:42,126 - INFO - [NEURAL DEPLOY] - ✅ Agente configurado: stealth_lead_generator
2025-08-25 00:51:42,126 - INFO - [NEURAL DEPLOY] - ✅ Integración con ecosistema verificada
2025-08-25 00:51:43,135 - INFO - [NEURAL DEPLOY] - 🔍 FASE 6: Verificando despliegue...
2025-08-25 00:51:43,137 - INFO - [NEURAL DEPLOY] - ✅ Archivo verificado: neural_protocol_scraper.py
2025-08-25 00:51:43,138 - INFO - [NEURAL DEPLOY] - ✅ Archivo verificado: neural_profile_analyzer.py
2025-08-25 00:51:43,140 - INFO - [NEURAL DEPLOY] - ✅ Archivo verificado: stealth_lead_generator.py
2025-08-25 00:51:43,140 - INFO - [NEURAL DEPLOY] - ✅ Configuración verificada: neural_protocol_config.json
2025-08-25 00:51:43,141 - INFO - [NEURAL DEPLOY] - ✅ Configuración verificada: stealth_config.json
2025-08-25 00:51:43,142 - INFO - [NEURAL DEPLOY] - ✅ Configuración verificada: neural_analyzer_config.json
2025-08-25 00:51:43,142 - INFO - [NEURAL DEPLOY] - ✅ Directorio verificado: neural_data
2025-08-25 00:51:43,143 - INFO - [NEURAL DEPLOY] - ✅ Directorio verificado: stealth_logs
2025-08-25 00:51:43,143 - INFO - [NEURAL DEPLOY] - ✅ Directorio verificado: proxy_configs
2025-08-25 00:51:43,144 - INFO - [NEURAL DEPLOY] - ✅ Directorio verificado: neural_models
2025-08-25 00:51:43,144 - INFO - [NEURAL DEPLOY] - ✅ Verificación de despliegue completada
2025-08-25 00:51:44,159 - INFO - [NEURAL DEPLOY] - 🚀 FASE 7: Activando protocolo neural...
2025-08-25 00:51:44,167 - ERROR - [NEURAL DEPLOY] - 💥 ERROR EN DESPLIEGUE NEURAL: 'charmap' codec can't encode character '\U0001f9e0' in position 205: character maps to <undefined>
2025-08-25 00:56:48,876 - INFO - [NEURAL DEPLOY] - INICIANDO DESPLIEGUE DEL PROTOCOLO NEURAL
2025-08-25 00:56:48,876 - INFO - [NEURAL DEPLOY] - NIVEL DE CLASIFICACIÓN: TOP SECRET
2025-08-25 00:56:48,876 - INFO - [NEURAL DEPLOY] - 🔍 FASE 1: Verificando requisitos del sistema...
2025-08-25 00:56:48,876 - INFO - [NEURAL DEPLOY] - ✅ Python 3.13.6
2025-08-25 00:56:48,877 - INFO - [NEURAL DEPLOY] - ✅ Espacio en disco: 13.3GB disponible
2025-08-25 00:56:48,877 - INFO - [NEURAL DEPLOY] - ✅ Estructura de directorios verificada
2025-08-25 00:56:49,880 - INFO - [NEURAL DEPLOY] - 📦 FASE 2: Instalando dependencias neurales...
2025-08-25 00:56:49,880 - INFO - [NEURAL DEPLOY] - 📦 Instalando selenium...
2025-08-25 00:56:50,451 - INFO - [NEURAL DEPLOY] - ✅ selenium instalado
2025-08-25 00:56:50,495 - INFO - [NEURAL DEPLOY] - 📦 Instalando undetected-chromedriver...
2025-08-25 00:56:51,058 - INFO - [NEURAL DEPLOY] - ✅ undetected-chromedriver instalado
2025-08-25 00:56:51,071 - INFO - [NEURAL DEPLOY] - 📦 Instalando tensorflow...
2025-08-25 00:56:51,579 - INFO - [NEURAL DEPLOY] - ✅ tensorflow instalado
2025-08-25 00:56:51,579 - INFO - [NEURAL DEPLOY] - 📦 Instalando torch...
2025-08-25 00:56:52,095 - INFO - [NEURAL DEPLOY] - ✅ torch instalado
2025-08-25 00:56:52,095 - INFO - [NEURAL DEPLOY] - 📦 Instalando scikit-learn...
2025-08-25 00:56:52,678 - INFO - [NEURAL DEPLOY] - ✅ scikit-learn instalado
2025-08-25 00:56:52,680 - INFO - [NEURAL DEPLOY] - 📦 Instalando nltk...
2025-08-25 00:56:53,195 - INFO - [NEURAL DEPLOY] - ✅ nltk instalado
2025-08-25 00:56:53,196 - INFO - [NEURAL DEPLOY] - 📦 Instalando spacy...
2025-08-25 00:56:53,784 - INFO - [NEURAL DEPLOY] - ✅ spacy instalado
2025-08-25 00:56:53,854 - INFO - [NEURAL DEPLOY] - 📦 Instalando fake-useragent...
2025-08-25 00:56:54,412 - INFO - [NEURAL DEPLOY] - ✅ fake-useragent instalado
2025-08-25 00:56:54,412 - INFO - [NEURAL DEPLOY] - 📦 Instalando aiohttp...
2025-08-25 00:56:54,920 - INFO - [NEURAL DEPLOY] - ✅ aiohttp instalado
2025-08-25 00:56:54,920 - INFO - [NEURAL DEPLOY] - 📦 Instalando asyncio...
2025-08-25 00:56:55,433 - INFO - [NEURAL DEPLOY] - ✅ asyncio instalado
2025-08-25 00:56:55,435 - INFO - [NEURAL DEPLOY] - 📦 Instalando beautifulsoup4...
2025-08-25 00:56:55,979 - INFO - [NEURAL DEPLOY] - ✅ beautifulsoup4 instalado
2025-08-25 00:56:55,981 - INFO - [NEURAL DEPLOY] - 📦 Instalando pandas...
2025-08-25 00:56:56,490 - INFO - [NEURAL DEPLOY] - ✅ pandas instalado
2025-08-25 00:56:56,491 - INFO - [NEURAL DEPLOY] - 📦 Instalando numpy...
2025-08-25 00:56:57,001 - INFO - [NEURAL DEPLOY] - ✅ numpy instalado
2025-08-25 00:56:57,001 - INFO - [NEURAL DEPLOY] - ✅ Todas las dependencias instaladas
2025-08-25 00:56:57,001 - INFO - [NEURAL DEPLOY] - 🕵️ FASE 3: Configurando componentes stealth...
2025-08-25 00:56:57,002 - INFO - [NEURAL DEPLOY] - 📁 Directorio creado: neural_data
2025-08-25 00:56:57,002 - INFO - [NEURAL DEPLOY] - 📁 Directorio creado: stealth_logs
2025-08-25 00:56:57,002 - INFO - [NEURAL DEPLOY] - 📁 Directorio creado: proxy_configs
2025-08-25 00:56:57,002 - INFO - [NEURAL DEPLOY] - 📁 Directorio creado: neural_models
2025-08-25 00:56:57,003 - INFO - [NEURAL DEPLOY] - 📁 Directorio creado: encrypted_cache
2025-08-25 00:56:57,004 - INFO - [NEURAL DEPLOY] - 📄 Configuración creada: neural_protocol_config.json
2025-08-25 00:56:57,006 - INFO - [NEURAL DEPLOY] - 📄 Configuración creada: stealth_config.json
2025-08-25 00:56:57,006 - INFO - [NEURAL DEPLOY] - 📄 Configuración creada: neural_analyzer_config.json
2025-08-25 00:56:57,007 - INFO - [NEURAL DEPLOY] - 🌐 Configurando pool de proxies...
2025-08-25 00:56:57,008 - INFO - [NEURAL DEPLOY] - ✅ Pool de proxies configurado
2025-08-25 00:56:57,009 - INFO - [NEURAL DEPLOY] - ✅ Componentes stealth configurados
2025-08-25 00:56:58,014 - INFO - [NEURAL DEPLOY] - 🧠 FASE 4: Desplegando componentes neurales...
2025-08-25 00:56:58,017 - INFO - [NEURAL DEPLOY] - 🧠 Desplegando neural_protocol_scraper...
2025-08-25 00:56:59,024 - INFO - [NEURAL DEPLOY] - ✅ neural_protocol_scraper desplegado
2025-08-25 00:56:59,024 - INFO - [NEURAL DEPLOY] - 🧠 Desplegando neural_profile_analyzer...
2025-08-25 00:57:00,036 - INFO - [NEURAL DEPLOY] - ✅ neural_profile_analyzer desplegado
2025-08-25 00:57:00,036 - INFO - [NEURAL DEPLOY] - 🧠 Desplegando stealth_lead_generator...
2025-08-25 00:57:01,123 - INFO - [NEURAL DEPLOY] - ✅ stealth_lead_generator desplegado
2025-08-25 00:57:01,169 - INFO - [NEURAL DEPLOY] - ✅ Todos los componentes neurales desplegados
2025-08-25 00:57:01,246 - INFO - [NEURAL DEPLOY] - 🔗 FASE 5: Integrando con ecosistema existente...
2025-08-25 00:57:01,247 - INFO - [NEURAL DEPLOY] - ✅ Agente configurado: neural_protocol_scraper
2025-08-25 00:57:01,248 - INFO - [NEURAL DEPLOY] - ✅ Agente configurado: neural_profile_analyzer
2025-08-25 00:57:01,248 - INFO - [NEURAL DEPLOY] - ✅ Agente configurado: stealth_lead_generator
2025-08-25 00:57:01,248 - INFO - [NEURAL DEPLOY] - ✅ Integración con ecosistema verificada
2025-08-25 00:57:02,258 - INFO - [NEURAL DEPLOY] - 🔍 FASE 6: Verificando despliegue...
2025-08-25 00:57:02,258 - INFO - [NEURAL DEPLOY] - ✅ Archivo verificado: neural_protocol_scraper.py
2025-08-25 00:57:02,258 - INFO - [NEURAL DEPLOY] - ✅ Archivo verificado: neural_profile_analyzer.py
2025-08-25 00:57:02,258 - INFO - [NEURAL DEPLOY] - ✅ Archivo verificado: stealth_lead_generator.py
2025-08-25 00:57:02,259 - INFO - [NEURAL DEPLOY] - ✅ Configuración verificada: neural_protocol_config.json
2025-08-25 00:57:02,259 - INFO - [NEURAL DEPLOY] - ✅ Configuración verificada: stealth_config.json
2025-08-25 00:57:02,259 - INFO - [NEURAL DEPLOY] - ✅ Configuración verificada: neural_analyzer_config.json
2025-08-25 00:57:02,259 - INFO - [NEURAL DEPLOY] - ✅ Directorio verificado: neural_data
2025-08-25 00:57:02,260 - INFO - [NEURAL DEPLOY] - ✅ Directorio verificado: stealth_logs
2025-08-25 00:57:02,260 - INFO - [NEURAL DEPLOY] - ✅ Directorio verificado: proxy_configs
2025-08-25 00:57:02,260 - INFO - [NEURAL DEPLOY] - ✅ Directorio verificado: neural_models
2025-08-25 00:57:02,260 - INFO - [NEURAL DEPLOY] - ✅ Verificación de despliegue completada
2025-08-25 00:57:03,288 - INFO - [NEURAL DEPLOY] - 🚀 FASE 7: Activando protocolo neural...
2025-08-25 00:57:03,534 - ERROR - [NEURAL DEPLOY] - 💥 ERROR EN DESPLIEGUE NEURAL: 'charmap' codec can't encode character '\U0001f9e0' in position 205: character maps to <undefined>
2025-08-25 00:58:30,063 - INFO - [NEURAL DEPLOY] - INICIANDO DESPLIEGUE DEL PROTOCOLO NEURAL
2025-08-25 00:58:30,063 - INFO - [NEURAL DEPLOY] - NIVEL DE CLASIFICACIÓN: TOP SECRET
2025-08-25 00:58:30,063 - INFO - [NEURAL DEPLOY] - FASE 1: Verificando requisitos del sistema...
2025-08-25 00:58:30,064 - INFO - [NEURAL DEPLOY] - ✅ Python 3.13.6
2025-08-25 00:58:30,064 - INFO - [NEURAL DEPLOY] - ✅ Espacio en disco: 13.4GB disponible
2025-08-25 00:58:30,064 - INFO - [NEURAL DEPLOY] - ✅ Estructura de directorios verificada
2025-08-25 00:58:31,070 - INFO - [NEURAL DEPLOY] - 📦 FASE 2: Instalando dependencias neurales...
2025-08-25 00:58:31,071 - INFO - [NEURAL DEPLOY] - 📦 Instalando selenium...
2025-08-25 00:58:31,581 - INFO - [NEURAL DEPLOY] - ✅ selenium instalado
2025-08-25 00:58:31,581 - INFO - [NEURAL DEPLOY] - 📦 Instalando undetected-chromedriver...
2025-08-25 00:58:32,089 - INFO - [NEURAL DEPLOY] - ✅ undetected-chromedriver instalado
2025-08-25 00:58:32,091 - INFO - [NEURAL DEPLOY] - 📦 Instalando tensorflow...
2025-08-25 00:58:32,636 - INFO - [NEURAL DEPLOY] - ✅ tensorflow instalado
2025-08-25 00:58:32,700 - INFO - [NEURAL DEPLOY] - 📦 Instalando torch...
2025-08-25 00:58:33,304 - INFO - [NEURAL DEPLOY] - ✅ torch instalado
2025-08-25 00:58:33,342 - INFO - [NEURAL DEPLOY] - 📦 Instalando scikit-learn...
2025-08-25 00:58:33,937 - INFO - [NEURAL DEPLOY] - ✅ scikit-learn instalado
2025-08-25 00:58:33,980 - INFO - [NEURAL DEPLOY] - 📦 Instalando nltk...
2025-08-25 00:58:34,527 - INFO - [NEURAL DEPLOY] - ✅ nltk instalado
2025-08-25 00:58:34,527 - INFO - [NEURAL DEPLOY] - 📦 Instalando spacy...
2025-08-25 00:58:35,076 - INFO - [NEURAL DEPLOY] - ✅ spacy instalado
2025-08-25 00:58:35,178 - INFO - [NEURAL DEPLOY] - 📦 Instalando fake-useragent...
2025-08-25 00:58:35,696 - INFO - [NEURAL DEPLOY] - ✅ fake-useragent instalado
2025-08-25 00:58:35,697 - INFO - [NEURAL DEPLOY] - 📦 Instalando aiohttp...
2025-08-25 00:58:36,208 - INFO - [NEURAL DEPLOY] - ✅ aiohttp instalado
2025-08-25 00:58:36,208 - INFO - [NEURAL DEPLOY] - 📦 Instalando asyncio...
2025-08-25 00:58:36,826 - INFO - [NEURAL DEPLOY] - ✅ asyncio instalado
2025-08-25 00:58:36,908 - INFO - [NEURAL DEPLOY] - 📦 Instalando beautifulsoup4...
2025-08-25 00:58:37,510 - INFO - [NEURAL DEPLOY] - ✅ beautifulsoup4 instalado
2025-08-25 00:58:37,511 - INFO - [NEURAL DEPLOY] - 📦 Instalando pandas...
2025-08-25 00:58:38,038 - INFO - [NEURAL DEPLOY] - ✅ pandas instalado
2025-08-25 00:58:38,095 - INFO - [NEURAL DEPLOY] - 📦 Instalando numpy...
2025-08-25 00:58:38,643 - INFO - [NEURAL DEPLOY] - ✅ numpy instalado
2025-08-25 00:58:38,643 - INFO - [NEURAL DEPLOY] - ✅ Todas las dependencias instaladas
2025-08-25 00:58:38,643 - INFO - [NEURAL DEPLOY] - 🕵️ FASE 3: Configurando componentes stealth...
2025-08-25 00:58:38,644 - INFO - [NEURAL DEPLOY] - 📁 Directorio creado: neural_data
2025-08-25 00:58:38,644 - INFO - [NEURAL DEPLOY] - 📁 Directorio creado: stealth_logs
2025-08-25 00:58:38,644 - INFO - [NEURAL DEPLOY] - 📁 Directorio creado: proxy_configs
2025-08-25 00:58:38,645 - INFO - [NEURAL DEPLOY] - 📁 Directorio creado: neural_models
2025-08-25 00:58:38,645 - INFO - [NEURAL DEPLOY] - 📁 Directorio creado: encrypted_cache
2025-08-25 00:58:38,647 - INFO - [NEURAL DEPLOY] - 📄 Configuración creada: neural_protocol_config.json
2025-08-25 00:58:38,648 - INFO - [NEURAL DEPLOY] - 📄 Configuración creada: stealth_config.json
2025-08-25 00:58:38,654 - INFO - [NEURAL DEPLOY] - 📄 Configuración creada: neural_analyzer_config.json
2025-08-25 00:58:38,654 - INFO - [NEURAL DEPLOY] - 🌐 Configurando pool de proxies...
2025-08-25 00:58:38,656 - INFO - [NEURAL DEPLOY] - ✅ Pool de proxies configurado
2025-08-25 00:58:38,656 - INFO - [NEURAL DEPLOY] - ✅ Componentes stealth configurados
2025-08-25 00:58:39,670 - INFO - [NEURAL DEPLOY] - 🧠 FASE 4: Desplegando componentes neurales...
2025-08-25 00:58:39,671 - INFO - [NEURAL DEPLOY] - 🧠 Desplegando neural_protocol_scraper...
2025-08-25 00:58:40,686 - INFO - [NEURAL DEPLOY] - ✅ neural_protocol_scraper desplegado
2025-08-25 00:58:40,686 - INFO - [NEURAL DEPLOY] - 🧠 Desplegando neural_profile_analyzer...
2025-08-25 00:58:41,711 - INFO - [NEURAL DEPLOY] - ✅ neural_profile_analyzer desplegado
2025-08-25 00:58:41,711 - INFO - [NEURAL DEPLOY] - 🧠 Desplegando stealth_lead_generator...
2025-08-25 00:58:42,715 - INFO - [NEURAL DEPLOY] - ✅ stealth_lead_generator desplegado
2025-08-25 00:58:42,715 - INFO - [NEURAL DEPLOY] - ✅ Todos los componentes neurales desplegados
2025-08-25 00:58:42,716 - INFO - [NEURAL DEPLOY] - 🔗 FASE 5: Integrando con ecosistema existente...
2025-08-25 00:58:42,717 - INFO - [NEURAL DEPLOY] - ✅ Agente configurado: neural_protocol_scraper
2025-08-25 00:58:42,717 - INFO - [NEURAL DEPLOY] - ✅ Agente configurado: neural_profile_analyzer
2025-08-25 00:58:42,718 - INFO - [NEURAL DEPLOY] - ✅ Agente configurado: stealth_lead_generator
2025-08-25 00:58:42,718 - INFO - [NEURAL DEPLOY] - ✅ Integración con ecosistema verificada
2025-08-25 00:58:43,752 - INFO - [NEURAL DEPLOY] - 🔍 FASE 6: Verificando despliegue...
2025-08-25 00:58:43,752 - INFO - [NEURAL DEPLOY] - ✅ Archivo verificado: neural_protocol_scraper.py
2025-08-25 00:58:43,755 - INFO - [NEURAL DEPLOY] - ✅ Archivo verificado: neural_profile_analyzer.py
2025-08-25 00:58:43,756 - INFO - [NEURAL DEPLOY] - ✅ Archivo verificado: stealth_lead_generator.py
2025-08-25 00:58:43,757 - INFO - [NEURAL DEPLOY] - ✅ Configuración verificada: neural_protocol_config.json
2025-08-25 00:58:43,759 - INFO - [NEURAL DEPLOY] - ✅ Configuración verificada: stealth_config.json
2025-08-25 00:58:43,760 - INFO - [NEURAL DEPLOY] - ✅ Configuración verificada: neural_analyzer_config.json
2025-08-25 00:58:43,762 - INFO - [NEURAL DEPLOY] - ✅ Directorio verificado: neural_data
2025-08-25 00:58:43,762 - INFO - [NEURAL DEPLOY] - ✅ Directorio verificado: stealth_logs
2025-08-25 00:58:43,763 - INFO - [NEURAL DEPLOY] - ✅ Directorio verificado: proxy_configs
2025-08-25 00:58:43,765 - INFO - [NEURAL DEPLOY] - ✅ Directorio verificado: neural_models
2025-08-25 00:58:43,765 - INFO - [NEURAL DEPLOY] - ✅ Verificación de despliegue completada
2025-08-25 00:58:44,776 - INFO - [NEURAL DEPLOY] - 🚀 FASE 7: Activando protocolo neural...
2025-08-25 00:58:44,778 - ERROR - [NEURAL DEPLOY] - ERROR EN DESPLIEGUE NEURAL: 'charmap' codec can't encode character '\U0001f9e0' in position 205: character maps to <undefined>
2025-08-25 01:55:05,239 - INFO - [NEURAL DEPLOY] - INICIANDO DESPLIEGUE DEL PROTOCOLO NEURAL
2025-08-25 01:55:05,240 - INFO - [NEURAL DEPLOY] - NIVEL DE CLASIFICACIÓN: TOP SECRET
2025-08-25 01:55:05,240 - INFO - [NEURAL DEPLOY] - FASE 1: Verificando requisitos del sistema...
2025-08-25 01:55:05,240 - INFO - [NEURAL DEPLOY] - Python 3.13.6
2025-08-25 01:55:05,240 - INFO - [NEURAL DEPLOY] - Espacio en disco: 13.3GB disponible
2025-08-25 01:55:05,241 - INFO - [NEURAL DEPLOY] - Estructura de directorios verificada
2025-08-25 01:55:06,260 - INFO - [NEURAL DEPLOY] - FASE 2: Instalando dependencias neurales...
2025-08-25 01:55:06,271 - INFO - [NEURAL DEPLOY] - Instalando selenium...
2025-08-25 01:55:06,811 - INFO - [NEURAL DEPLOY] - selenium instalado
2025-08-25 01:55:06,812 - INFO - [NEURAL DEPLOY] - Instalando undetected-chromedriver...
2025-08-25 01:55:07,322 - INFO - [NEURAL DEPLOY] - undetected-chromedriver instalado
2025-08-25 01:55:07,323 - INFO - [NEURAL DEPLOY] - Instalando tensorflow...
2025-08-25 01:55:07,838 - INFO - [NEURAL DEPLOY] - tensorflow instalado
2025-08-25 01:55:07,838 - INFO - [NEURAL DEPLOY] - Instalando torch...
2025-08-25 01:55:08,409 - INFO - [NEURAL DEPLOY] - torch instalado
2025-08-25 01:55:08,431 - INFO - [NEURAL DEPLOY] - Instalando scikit-learn...
2025-08-25 01:55:09,023 - INFO - [NEURAL DEPLOY] - scikit-learn instalado
2025-08-25 01:55:09,072 - INFO - [NEURAL DEPLOY] - Instalando nltk...
2025-08-25 01:55:09,590 - INFO - [NEURAL DEPLOY] - nltk instalado
2025-08-25 01:55:09,590 - INFO - [NEURAL DEPLOY] - Instalando spacy...
2025-08-25 01:55:10,102 - INFO - [NEURAL DEPLOY] - spacy instalado
2025-08-25 01:55:10,102 - INFO - [NEURAL DEPLOY] - Instalando fake-useragent...
2025-08-25 01:55:10,610 - INFO - [NEURAL DEPLOY] - fake-useragent instalado
2025-08-25 01:55:10,610 - INFO - [NEURAL DEPLOY] - Instalando aiohttp...
2025-08-25 01:55:11,120 - INFO - [NEURAL DEPLOY] - aiohttp instalado
2025-08-25 01:55:11,122 - INFO - [NEURAL DEPLOY] - Instalando asyncio...
2025-08-25 01:55:11,739 - INFO - [NEURAL DEPLOY] - asyncio instalado
2025-08-25 01:55:11,742 - INFO - [NEURAL DEPLOY] - Instalando beautifulsoup4...
2025-08-25 01:55:12,255 - INFO - [NEURAL DEPLOY] - beautifulsoup4 instalado
2025-08-25 01:55:12,255 - INFO - [NEURAL DEPLOY] - Instalando pandas...
2025-08-25 01:55:12,796 - INFO - [NEURAL DEPLOY] - pandas instalado
2025-08-25 01:55:12,843 - INFO - [NEURAL DEPLOY] - Instalando numpy...
2025-08-25 01:55:13,458 - INFO - [NEURAL DEPLOY] - numpy instalado
2025-08-25 01:55:13,570 - INFO - [NEURAL DEPLOY] - Todas las dependencias instaladas
2025-08-25 01:55:13,581 - INFO - [NEURAL DEPLOY] - FASE 3: Configurando componentes stealth...
2025-08-25 01:55:13,582 - INFO - [NEURAL DEPLOY] - Directorio creado: neural_data
2025-08-25 01:55:13,586 - INFO - [NEURAL DEPLOY] - Directorio creado: stealth_logs
2025-08-25 01:55:13,589 - INFO - [NEURAL DEPLOY] - Directorio creado: proxy_configs
2025-08-25 01:55:13,590 - INFO - [NEURAL DEPLOY] - Directorio creado: neural_models
2025-08-25 01:55:13,593 - INFO - [NEURAL DEPLOY] - Directorio creado: encrypted_cache
2025-08-25 01:55:13,594 - INFO - [NEURAL DEPLOY] - Configuración creada: neural_protocol_config.json
2025-08-25 01:55:13,632 - INFO - [NEURAL DEPLOY] - Configuración creada: stealth_config.json
2025-08-25 01:55:13,842 - INFO - [NEURAL DEPLOY] - Configuración creada: neural_analyzer_config.json
2025-08-25 01:55:13,894 - INFO - [NEURAL DEPLOY] - Configurando pool de proxies...
2025-08-25 01:55:13,905 - INFO - [NEURAL DEPLOY] - Pool de proxies configurado
2025-08-25 01:55:13,907 - INFO - [NEURAL DEPLOY] - Componentes stealth configurados
2025-08-25 01:55:15,039 - INFO - [NEURAL DEPLOY] - FASE 4: Desplegando componentes neurales...
2025-08-25 01:55:15,448 - INFO - [NEURAL DEPLOY] - Desplegando neural_protocol_scraper...
2025-08-25 01:55:16,539 - INFO - [NEURAL DEPLOY] - neural_protocol_scraper desplegado
2025-08-25 01:55:16,539 - INFO - [NEURAL DEPLOY] - Desplegando neural_profile_analyzer...
2025-08-25 01:55:17,547 - INFO - [NEURAL DEPLOY] - neural_profile_analyzer desplegado
2025-08-25 01:55:17,547 - INFO - [NEURAL DEPLOY] - Desplegando stealth_lead_generator...
2025-08-25 01:55:18,559 - INFO - [NEURAL DEPLOY] - stealth_lead_generator desplegado
2025-08-25 01:55:18,559 - INFO - [NEURAL DEPLOY] - Todos los componentes neurales desplegados
2025-08-25 01:55:18,559 - INFO - [NEURAL DEPLOY] - FASE 5: Integrando con ecosistema existente...
2025-08-25 01:55:18,560 - INFO - [NEURAL DEPLOY] - Agente configurado: neural_protocol_scraper
2025-08-25 01:55:18,561 - INFO - [NEURAL DEPLOY] - Agente configurado: neural_profile_analyzer
2025-08-25 01:55:18,561 - INFO - [NEURAL DEPLOY] - Agente configurado: stealth_lead_generator
2025-08-25 01:55:18,561 - INFO - [NEURAL DEPLOY] - Integración con ecosistema verificada
2025-08-25 01:55:19,664 - INFO - [NEURAL DEPLOY] - FASE 6: Verificando despliegue...
2025-08-25 01:55:19,741 - INFO - [NEURAL DEPLOY] - Archivo verificado: neural_protocol_scraper.py
2025-08-25 01:55:19,742 - INFO - [NEURAL DEPLOY] - Archivo verificado: neural_profile_analyzer.py
2025-08-25 01:55:19,743 - INFO - [NEURAL DEPLOY] - Archivo verificado: stealth_lead_generator.py
2025-08-25 01:55:19,743 - INFO - [NEURAL DEPLOY] - Configuración verificada: neural_protocol_config.json
2025-08-25 01:55:19,744 - INFO - [NEURAL DEPLOY] - Configuración verificada: stealth_config.json
2025-08-25 01:55:19,744 - INFO - [NEURAL DEPLOY] - Configuración verificada: neural_analyzer_config.json
2025-08-25 01:55:19,746 - INFO - [NEURAL DEPLOY] - Directorio verificado: neural_data
2025-08-25 01:55:19,746 - INFO - [NEURAL DEPLOY] - Directorio verificado: stealth_logs
2025-08-25 01:55:19,747 - INFO - [NEURAL DEPLOY] - Directorio verificado: proxy_configs
2025-08-25 01:55:19,747 - INFO - [NEURAL DEPLOY] - Directorio verificado: neural_models
2025-08-25 01:55:19,748 - INFO - [NEURAL DEPLOY] - Verificación de despliegue completada
2025-08-25 01:55:20,893 - INFO - [NEURAL DEPLOY] - FASE 7: Activando protocolo neural...
2025-08-25 01:55:21,081 - INFO - [NEURAL DEPLOY] - Protocolo neural activado
2025-08-25 01:55:22,153 - INFO - [NEURAL DEPLOY] - PROTOCOLO NEURAL DESPLEGADO EXITOSAMENTE
2025-08-25 01:55:22,153 - INFO - [NEURAL DEPLOY] - SISTEMA NEURAL OPERATIVO
2025-08-25 04:04:32,401 - INFO - [NEURAL DEPLOY] - INICIANDO DESPLIEGUE DEL PROTOCOLO NEURAL
2025-08-25 04:04:32,402 - INFO - [NEURAL DEPLOY] - NIVEL DE CLASIFICACIÓN: TOP SECRET
2025-08-25 04:04:32,402 - INFO - [NEURAL DEPLOY] - FASE 1: Verificando requisitos del sistema...
2025-08-25 04:04:32,402 - INFO - [NEURAL DEPLOY] - Python 3.13.6
2025-08-25 04:04:32,402 - INFO - [NEURAL DEPLOY] - Espacio en disco: 13.1GB disponible
2025-08-25 04:04:32,403 - INFO - [NEURAL DEPLOY] - Estructura de directorios verificada
2025-08-25 04:04:33,412 - INFO - [NEURAL DEPLOY] - FASE 2: Instalando dependencias neurales...
2025-08-25 04:04:33,412 - INFO - [NEURAL DEPLOY] - Instalando selenium...
2025-08-25 04:04:33,921 - INFO - [NEURAL DEPLOY] - selenium instalado
2025-08-25 04:04:33,921 - INFO - [NEURAL DEPLOY] - Instalando undetected-chromedriver...
2025-08-25 04:04:34,434 - INFO - [NEURAL DEPLOY] - undetected-chromedriver instalado
2025-08-25 04:04:34,435 - INFO - [NEURAL DEPLOY] - Instalando tensorflow...
2025-08-25 04:04:34,996 - INFO - [NEURAL DEPLOY] - tensorflow instalado
2025-08-25 04:04:35,118 - INFO - [NEURAL DEPLOY] - Instalando torch...
2025-08-25 04:04:35,775 - INFO - [NEURAL DEPLOY] - torch instalado
2025-08-25 04:04:35,778 - INFO - [NEURAL DEPLOY] - Instalando scikit-learn...
2025-08-25 04:04:36,288 - INFO - [NEURAL DEPLOY] - scikit-learn instalado
2025-08-25 04:04:36,290 - INFO - [NEURAL DEPLOY] - Instalando nltk...
2025-08-25 04:04:36,803 - INFO - [NEURAL DEPLOY] - nltk instalado
2025-08-25 04:04:36,805 - INFO - [NEURAL DEPLOY] - Instalando spacy...
2025-08-25 04:04:37,313 - INFO - [NEURAL DEPLOY] - spacy instalado
2025-08-25 04:04:37,314 - INFO - [NEURAL DEPLOY] - Instalando fake-useragent...
2025-08-25 04:04:37,821 - INFO - [NEURAL DEPLOY] - fake-useragent instalado
2025-08-25 04:04:37,822 - INFO - [NEURAL DEPLOY] - Instalando aiohttp...
2025-08-25 04:04:38,334 - INFO - [NEURAL DEPLOY] - aiohttp instalado
2025-08-25 04:04:38,338 - INFO - [NEURAL DEPLOY] - Instalando asyncio...
2025-08-25 04:04:38,843 - INFO - [NEURAL DEPLOY] - asyncio instalado
2025-08-25 04:04:38,843 - INFO - [NEURAL DEPLOY] - Instalando beautifulsoup4...
2025-08-25 04:04:39,380 - INFO - [NEURAL DEPLOY] - beautifulsoup4 instalado
2025-08-25 04:04:39,383 - INFO - [NEURAL DEPLOY] - Instalando pandas...
2025-08-25 04:04:40,010 - INFO - [NEURAL DEPLOY] - pandas instalado
2025-08-25 04:04:40,099 - INFO - [NEURAL DEPLOY] - Instalando numpy...
2025-08-25 04:04:40,725 - INFO - [NEURAL DEPLOY] - numpy instalado
2025-08-25 04:04:40,806 - INFO - [NEURAL DEPLOY] - Todas las dependencias instaladas
2025-08-25 04:04:40,853 - INFO - [NEURAL DEPLOY] - FASE 3: Configurando componentes stealth...
2025-08-25 04:04:40,997 - INFO - [NEURAL DEPLOY] - Directorio creado: neural_data
2025-08-25 04:04:41,104 - INFO - [NEURAL DEPLOY] - Directorio creado: stealth_logs
2025-08-25 04:04:41,234 - INFO - [NEURAL DEPLOY] - Directorio creado: proxy_configs
2025-08-25 04:04:41,337 - INFO - [NEURAL DEPLOY] - Directorio creado: neural_models
2025-08-25 04:04:41,380 - INFO - [NEURAL DEPLOY] - Directorio creado: encrypted_cache
2025-08-25 04:04:41,437 - INFO - [NEURAL DEPLOY] - Configuración creada: neural_protocol_config.json
2025-08-25 04:04:41,522 - INFO - [NEURAL DEPLOY] - Configuración creada: stealth_config.json
2025-08-25 04:04:41,601 - INFO - [NEURAL DEPLOY] - Configuración creada: neural_analyzer_config.json
2025-08-25 04:04:41,653 - INFO - [NEURAL DEPLOY] - Configurando pool de proxies...
2025-08-25 04:04:41,694 - INFO - [NEURAL DEPLOY] - Pool de proxies configurado
2025-08-25 04:04:41,695 - INFO - [NEURAL DEPLOY] - Componentes stealth configurados
2025-08-25 04:04:42,721 - INFO - [NEURAL DEPLOY] - FASE 4: Desplegando componentes neurales...
2025-08-25 04:04:42,759 - INFO - [NEURAL DEPLOY] - Desplegando neural_protocol_scraper...
2025-08-25 04:04:44,028 - INFO - [NEURAL DEPLOY] - neural_protocol_scraper desplegado
2025-08-25 04:04:44,029 - INFO - [NEURAL DEPLOY] - Desplegando neural_profile_analyzer...
2025-08-25 04:04:45,037 - INFO - [NEURAL DEPLOY] - neural_profile_analyzer desplegado
2025-08-25 04:04:45,039 - INFO - [NEURAL DEPLOY] - Desplegando stealth_lead_generator...
2025-08-25 04:04:46,107 - INFO - [NEURAL DEPLOY] - stealth_lead_generator desplegado
2025-08-25 04:04:46,122 - INFO - [NEURAL DEPLOY] - Todos los componentes neurales desplegados
2025-08-25 04:04:46,160 - INFO - [NEURAL DEPLOY] - FASE 5: Integrando con ecosistema existente...
2025-08-25 04:04:46,191 - INFO - [NEURAL DEPLOY] - Agente configurado: neural_protocol_scraper
2025-08-25 04:04:46,213 - INFO - [NEURAL DEPLOY] - Agente configurado: neural_profile_analyzer
2025-08-25 04:04:46,254 - INFO - [NEURAL DEPLOY] - Agente configurado: stealth_lead_generator
2025-08-25 04:04:46,278 - INFO - [NEURAL DEPLOY] - Integración con ecosistema verificada
2025-08-25 04:04:47,317 - INFO - [NEURAL DEPLOY] - FASE 6: Verificando despliegue...
2025-08-25 04:04:47,317 - INFO - [NEURAL DEPLOY] - Archivo verificado: neural_protocol_scraper.py
2025-08-25 04:04:47,318 - INFO - [NEURAL DEPLOY] - Archivo verificado: neural_profile_analyzer.py
2025-08-25 04:04:47,318 - INFO - [NEURAL DEPLOY] - Archivo verificado: stealth_lead_generator.py
2025-08-25 04:04:47,318 - INFO - [NEURAL DEPLOY] - Configuración verificada: neural_protocol_config.json
2025-08-25 04:04:47,319 - INFO - [NEURAL DEPLOY] - Configuración verificada: stealth_config.json
2025-08-25 04:04:47,319 - INFO - [NEURAL DEPLOY] - Configuración verificada: neural_analyzer_config.json
2025-08-25 04:04:47,319 - INFO - [NEURAL DEPLOY] - Directorio verificado: neural_data
2025-08-25 04:04:47,320 - INFO - [NEURAL DEPLOY] - Directorio verificado: stealth_logs
2025-08-25 04:04:47,320 - INFO - [NEURAL DEPLOY] - Directorio verificado: proxy_configs
2025-08-25 04:04:47,320 - INFO - [NEURAL DEPLOY] - Directorio verificado: neural_models
2025-08-25 04:04:47,320 - INFO - [NEURAL DEPLOY] - Verificación de despliegue completada
2025-08-25 04:04:48,330 - INFO - [NEURAL DEPLOY] - FASE 7: Activando protocolo neural...
2025-08-25 04:04:48,333 - INFO - [NEURAL DEPLOY] - Protocolo neural activado
2025-08-25 04:04:49,347 - INFO - [NEURAL DEPLOY] - PROTOCOLO NEURAL DESPLEGADO EXITOSAMENTE
2025-08-25 04:04:49,361 - INFO - [NEURAL DEPLOY] - SISTEMA NEURAL OPERATIVO
